2026-07-21 00:48:40,089 INFO o.a.j.u.JMeterUtils: Setting Locale to en_EN
2026-07-21 00:48:40,137 INFO o.a.j.JMeter: Loading user properties from: C:\jmeter\apache-jmeter-5.6.1\bin\user.properties
2026-07-21 00:48:40,138 INFO o.a.j.JMeter: Loading system properties from: C:\jmeter\apache-jmeter-5.6.1\bin\system.properties
2026-07-21 00:48:40,152 INFO o.a.j.JMeter: Copyright (c) 1998-2023 The Apache Software Foundation
2026-07-21 00:48:40,153 INFO o.a.j.JMeter: Version 5.6.1
2026-07-21 00:48:40,153 INFO o.a.j.JMeter: java.version=21.0.11
2026-07-21 00:48:40,153 INFO o.a.j.JMeter: java.vm.name=Java HotSpot(TM) 64-Bit Server VM
2026-07-21 00:48:40,153 INFO o.a.j.JMeter: os.name=Windows 11
2026-07-21 00:48:40,153 INFO o.a.j.JMeter: os.arch=amd64
2026-07-21 00:48:40,154 INFO o.a.j.JMeter: os.version=10.0
2026-07-21 00:48:40,154 INFO o.a.j.JMeter: file.encoding=UTF-8
2026-07-21 00:48:40,154 INFO o.a.j.JMeter: java.awt.headless=true
2026-07-21 00:48:40,154 INFO o.a.j.JMeter: Max memory     =1073741824
2026-07-21 00:48:40,154 INFO o.a.j.JMeter: Available Processors =8
2026-07-21 00:48:40,181 INFO o.a.j.JMeter: Default Locale=English (EN)
2026-07-21 00:48:40,182 INFO o.a.j.JMeter: JMeter  Locale=English (EN)
2026-07-21 00:48:40,182 INFO o.a.j.JMeter: JMeterHome=C:\jmeter\apache-jmeter-5.6.1
2026-07-21 00:48:40,183 INFO o.a.j.JMeter: user.dir  =D:\Aseguramiento\multimedia_gallery_steganography_detection_safe
2026-07-21 00:48:40,183 INFO o.a.j.JMeter: PWD       =D:\Aseguramiento\multimedia_gallery_steganography_detection_safe
2026-07-21 00:48:40,184 INFO o.a.j.JMeter: IP: 192.168.56.1 Name: Fernando FullName: Fernando
2026-07-21 00:48:40,220 INFO o.a.j.JMeter: Setting property 'jmeter.reportgenerator.outputdir' to:'D:\Aseguramiento\multimedia_gallery_steganography_detection_safe\jmeter\results\full-program-html'
2026-07-21 00:48:40,227 INFO o.a.j.s.FileServer: Default base='D:\Aseguramiento\multimedia_gallery_steganography_detection_safe'
2026-07-21 00:48:40,232 INFO o.a.j.s.FileServer: Set new base='D:\Aseguramiento\multimedia_gallery_steganography_detection_safe\jmeter'
2026-07-21 00:48:40,844 INFO o.a.j.s.SaveService: Testplan (JMX) version: 2.2. Testlog (JTL) version: 2.2
2026-07-21 00:48:40,985 INFO o.a.j.s.SaveService: Using SaveService properties version 5.0
2026-07-21 00:48:40,998 INFO o.a.j.s.SaveService: Using SaveService properties file encoding UTF-8
2026-07-21 00:48:41,010 INFO o.a.j.s.SaveService: Loading file: jmeter\full-program-load-test.jmx
2026-07-21 00:48:41,134 INFO o.a.j.p.h.c.CookieManager: Settings: Delete null: true Check: true Allow variable: true Save: false Prefix: COOKIE_
2026-07-21 00:48:41,221 INFO o.a.j.p.h.s.HTTPSamplerBase: Parser for text/html is org.apache.jmeter.protocol.http.parser.LagartoBasedHtmlParser
2026-07-21 00:48:41,221 INFO o.a.j.p.h.s.HTTPSamplerBase: Parser for application/xhtml+xml is org.apache.jmeter.protocol.http.parser.LagartoBasedHtmlParser
2026-07-21 00:48:41,221 INFO o.a.j.p.h.s.HTTPSamplerBase: Parser for application/xml is org.apache.jmeter.protocol.http.parser.LagartoBasedHtmlParser
2026-07-21 00:48:41,222 INFO o.a.j.p.h.s.HTTPSamplerBase: Parser for text/xml is org.apache.jmeter.protocol.http.parser.LagartoBasedHtmlParser
2026-07-21 00:48:41,226 INFO o.a.j.p.h.s.HTTPSamplerBase: Parser for text/vnd.wap.wml is org.apache.jmeter.protocol.http.parser.RegexpHTMLParser
2026-07-21 00:48:41,226 INFO o.a.j.p.h.s.HTTPSamplerBase: Parser for text/css is org.apache.jmeter.protocol.http.parser.CssParser
2026-07-21 00:48:41,384 INFO o.a.j.JMeter: Creating summariser <summary>
2026-07-21 00:48:41,391 INFO o.a.j.r.d.ReportGenerator: ReportGenerator will use for Parsing the separator: ','
2026-07-21 00:48:41,393 INFO o.a.j.r.d.ReportGenerator: Will generate report at end of test from  results file: jmeter\results\full-program-results.jtl
2026-07-21 00:48:41,393 INFO o.a.j.r.d.ReportGenerator: Reading report generator properties from: C:\jmeter\apache-jmeter-5.6.1\bin\reportgenerator.properties
2026-07-21 00:48:41,394 INFO o.a.j.r.d.ReportGenerator: Merging with JMeter properties
2026-07-21 00:48:41,403 INFO o.a.j.r.c.ReportGeneratorConfiguration: Property 'jmeter.reportgenerator.temp_dir' not found, using default value 'temp' instead.
2026-07-21 00:48:41,415 INFO o.a.j.r.c.ReportGeneratorConfiguration: Property 'jmeter.reportgenerator.apdex_per_transaction' not found, using default value 'null' instead.
2026-07-21 00:48:41,415 INFO o.a.j.r.c.ReportGeneratorConfiguration: apdex_per_transaction is empty, not APDEX per transaction customization
2026-07-21 00:48:41,415 INFO o.a.j.r.c.ReportGeneratorConfiguration: Property 'jmeter.reportgenerator.sample_filter' not found, using default value 'null' instead.
2026-07-21 00:48:41,415 INFO o.a.j.r.c.ReportGeneratorConfiguration: Property 'jmeter.reportgenerator.report_title' not found, using default value 'null' instead.
2026-07-21 00:48:41,415 INFO o.a.j.r.c.ReportGeneratorConfiguration: Property 'jmeter.reportgenerator.start_date' not found, using default value 'null' instead.
2026-07-21 00:48:41,416 INFO o.a.j.r.c.ReportGeneratorConfiguration: Property 'jmeter.reportgenerator.end_date' not found, using default value 'null' instead.
2026-07-21 00:48:41,416 INFO o.a.j.r.c.ReportGeneratorConfiguration: Property 'jmeter.reportgenerator.date_format' not found, using default value 'null' instead.
2026-07-21 00:48:41,417 INFO o.a.j.r.c.ReportGeneratorConfiguration: Will use date range start date: null, end date: null
2026-07-21 00:48:41,429 INFO o.a.j.r.c.ReportGeneratorConfiguration: Property 'jmeter.reportgenerator.graph.totalTPS.exclude_controllers' not found, using default value 'false' instead.
2026-07-21 00:48:41,430 INFO o.a.j.r.c.ReportGeneratorConfiguration: Property 'jmeter.reportgenerator.graph.activeThreadsOverTime.exclude_controllers' not found, using default value 'false' instead.
2026-07-21 00:48:41,430 INFO o.a.j.r.c.ReportGeneratorConfiguration: Property 'jmeter.reportgenerator.graph.timeVsThreads.exclude_controllers' not found, using default value 'false' instead.
2026-07-21 00:48:41,431 INFO o.a.j.r.c.ReportGeneratorConfiguration: Property 'jmeter.reportgenerator.graph.responseTimeDistribution.exclude_controllers' not found, using default value 'false' instead.
2026-07-21 00:48:41,431 INFO o.a.j.r.c.ReportGeneratorConfiguration: Property 'jmeter.reportgenerator.graph.transactionsPerSecond.exclude_controllers' not found, using default value 'false' instead.
2026-07-21 00:48:41,431 INFO o.a.j.r.c.ReportGeneratorConfiguration: Property 'jmeter.reportgenerator.graph.responseTimePercentiles.exclude_controllers' not found, using default value 'false' instead.
2026-07-21 00:48:41,432 INFO o.a.j.r.c.ReportGeneratorConfiguration: Property 'jmeter.reportgenerator.graph.responseTimePercentilesOverTime.exclude_controllers' not found, using default value 'false' instead.
2026-07-21 00:48:41,432 INFO o.a.j.r.c.ReportGeneratorConfiguration: Property 'jmeter.reportgenerator.graph.responseTimesOverTime.exclude_controllers' not found, using default value 'false' instead.
2026-07-21 00:48:41,432 INFO o.a.j.r.c.ReportGeneratorConfiguration: Property 'jmeter.reportgenerator.graph.connectTimeOverTime.exclude_controllers' not found, using default value 'false' instead.
2026-07-21 00:48:41,432 INFO o.a.j.r.c.ReportGeneratorConfiguration: Property 'jmeter.reportgenerator.graph.latenciesOverTime.exclude_controllers' not found, using default value 'false' instead.
2026-07-21 00:48:41,434 INFO o.a.j.r.c.ReportGeneratorConfiguration: Property 'jmeter.reportgenerator.exporter.json.filters_only_sample_series' not found, using default value 'true' instead.
2026-07-21 00:48:41,434 INFO o.a.j.r.c.ReportGeneratorConfiguration: Property 'jmeter.reportgenerator.exporter.json.series_filter' not found, using default value '' instead.
2026-07-21 00:48:41,435 INFO o.a.j.r.c.ReportGeneratorConfiguration: Property 'jmeter.reportgenerator.exporter.json.show_controllers_only' not found, using default value 'false' instead.
2026-07-21 00:48:41,436 INFO o.a.j.r.c.ReportGeneratorConfiguration: Property 'jmeter.reportgenerator.exporter.html.filters_only_sample_series' not found, using default value 'true' instead.
2026-07-21 00:48:41,436 INFO o.a.j.r.c.ReportGeneratorConfiguration: Property 'jmeter.reportgenerator.exporter.html.series_filter' not found, using default value '' instead.
2026-07-21 00:48:41,436 INFO o.a.j.r.c.ReportGeneratorConfiguration: Property 'jmeter.reportgenerator.exporter.html.show_controllers_only' not found, using default value 'false' instead.
2026-07-21 00:48:41,480 INFO o.a.j.e.StandardJMeterEngine: Running the test!
2026-07-21 00:48:41,481 INFO o.a.j.s.SampleEvent: List of sample_variables: []
2026-07-21 00:48:41,481 INFO o.a.j.s.SampleEvent: List of sample_variables: []
2026-07-21 00:48:41,502 INFO o.a.j.e.u.CompoundVariable: Note: Function class names must contain the string: '.functions.'
2026-07-21 00:48:41,502 INFO o.a.j.e.u.CompoundVariable: Note: Function class names must not contain the string: '.gui.'
2026-07-21 00:48:42,384 INFO o.a.j.JMeter: Running test (1784612922384)
2026-07-21 00:48:42,418 INFO o.a.j.e.StandardJMeterEngine: Starting ThreadGroup: 1 : Flujo Usuario
2026-07-21 00:48:42,418 INFO o.a.j.e.StandardJMeterEngine: Starting 1 threads for group Flujo Usuario.
2026-07-21 00:48:42,418 INFO o.a.j.e.StandardJMeterEngine: Thread will continue on error
2026-07-21 00:48:42,419 INFO o.a.j.t.ThreadGroup: Starting thread group... number=1 threads=1 ramp-up=1 delayedStart=false
2026-07-21 00:48:42,430 INFO o.a.j.t.ThreadGroup: Started thread group number 1
2026-07-21 00:48:42,430 INFO o.a.j.e.StandardJMeterEngine: Starting ThreadGroup: 2 : Flujo Supervisor
2026-07-21 00:48:42,430 INFO o.a.j.e.StandardJMeterEngine: Starting 1 threads for group Flujo Supervisor.
2026-07-21 00:48:42,430 INFO o.a.j.e.StandardJMeterEngine: Thread will continue on error
2026-07-21 00:48:42,430 INFO o.a.j.t.ThreadGroup: Starting thread group... number=2 threads=1 ramp-up=1 delayedStart=false
2026-07-21 00:48:42,431 INFO o.a.j.t.ThreadGroup: Started thread group number 2
2026-07-21 00:48:42,431 INFO o.a.j.e.StandardJMeterEngine: All thread groups have been started
2026-07-21 00:48:42,434 INFO o.a.j.t.JMeterThread: Thread started: Flujo Supervisor 2-1
2026-07-21 00:48:42,434 INFO o.a.j.t.JMeterThread: Thread started: Flujo Usuario 1-1
2026-07-21 00:48:42,469 INFO o.a.j.p.h.s.HTTPHCAbstractImpl: Local host = Fernando
2026-07-21 00:48:42,482 INFO o.a.j.p.h.s.HTTPHC4Impl: HTTP request retry count = 0
2026-07-21 00:48:42,485 INFO o.a.j.s.SampleResult: Note: Sample TimeStamps are START times
2026-07-21 00:48:42,485 INFO o.a.j.s.SampleResult: sampleresult.default.encoding is set to UTF-8
2026-07-21 00:48:42,485 INFO o.a.j.s.SampleResult: sampleresult.useNanoTime=true
2026-07-21 00:48:42,485 INFO o.a.j.s.SampleResult: sampleresult.nanoThreadSleep=5000
2026-07-21 00:48:46,628 INFO o.a.j.t.JMeterThread: Thread is done: Flujo Usuario 1-1
2026-07-21 00:48:46,628 INFO o.a.j.t.JMeterThread: Thread finished: Flujo Usuario 1-1
2026-07-21 00:48:46,661 INFO o.a.j.t.JMeterThread: Thread is done: Flujo Supervisor 2-1
2026-07-21 00:48:46,662 INFO o.a.j.t.JMeterThread: Thread finished: Flujo Supervisor 2-1
2026-07-21 00:48:46,662 INFO o.a.j.e.StandardJMeterEngine: Notifying test listeners of end of test
2026-07-21 00:48:46,672 INFO o.a.j.r.Summariser: summary =      9 in 00:00:04 =    2.1/s Avg:   391 Min:    15 Max:  1600 Err:     0 (0.00%)
2026-07-21 00:48:46,673 INFO o.a.j.JMeter: Generating Dashboard
2026-07-21 00:48:46,674 INFO o.a.j.r.d.ReportGenerator: Flushing result collector before report Generation
2026-07-21 00:48:46,729 INFO o.a.j.r.p.NormalizerSampleConsumer: Using format, 'ms', to parse timeStamp field
2026-07-21 00:48:46,899 INFO o.a.j.r.p.AbstractSampleConsumer: class org.apache.jmeter.report.processor.AggregateConsumer#stopProducing(): beginDate produced 0 samples
2026-07-21 00:48:46,899 INFO o.a.j.r.p.AbstractSampleConsumer: class org.apache.jmeter.report.processor.AggregateConsumer#stopProducing(): endDate produced 0 samples
2026-07-21 00:48:46,909 INFO o.a.j.r.p.AbstractSampleConsumer: class org.apache.jmeter.report.processor.ApdexSummaryConsumer#stopProducing(): apdexSummary produced 0 samples
2026-07-21 00:48:46,910 INFO o.a.j.r.p.AbstractSampleConsumer: class org.apache.jmeter.report.processor.RequestsSummaryConsumer#stopProducing(): requestsSummary produced 0 samples
2026-07-21 00:48:46,928 INFO o.a.j.r.p.AbstractSampleConsumer: class org.apache.jmeter.report.processor.StatisticsSummaryConsumer#stopProducing(): statisticsSummary produced 0 samples
2026-07-21 00:48:46,931 INFO o.a.j.r.p.AbstractSampleConsumer: class org.apache.jmeter.report.processor.Top5ErrorsBySamplerConsumer#stopProducing(): top5ErrorsBySampler produced 0 samples
2026-07-21 00:48:46,932 INFO o.a.j.r.p.AbstractSampleConsumer: class org.apache.jmeter.report.processor.ErrorsSummaryConsumer#stopProducing(): errorsSummary produced 0 samples
2026-07-21 00:48:46,932 INFO o.a.j.r.p.AbstractSampleConsumer: class org.apache.jmeter.report.processor.graph.impl.HitsPerSecondGraphConsumer#stopProducing(): hitsPerSecond produced 0 samples
2026-07-21 00:48:46,987 INFO o.a.j.r.p.AbstractSampleConsumer: class org.apache.jmeter.report.processor.graph.impl.LatencyVSRequestGraphConsumer#stopProducing(): latencyVsRequest produced 0 samples
2026-07-21 00:48:46,989 INFO o.a.j.r.p.AbstractSampleConsumer: class org.apache.jmeter.report.processor.graph.impl.SyntheticResponseTimeDistributionGraphConsumer#stopProducing(): syntheticResponseTimeDistribution produced 0 samples
2026-07-21 00:48:46,992 INFO o.a.j.r.p.AbstractSampleConsumer: class org.apache.jmeter.report.processor.graph.impl.BytesThroughputGraphConsumer#stopProducing(): bytesThroughputOverTime produced 0 samples
2026-07-21 00:48:46,993 INFO o.a.j.r.p.AbstractSampleConsumer: class org.apache.jmeter.report.processor.graph.impl.CodesPerSecondGraphConsumer#stopProducing(): codesPerSecond produced 0 samples
2026-07-21 00:48:47,006 INFO o.a.j.r.p.AbstractSampleConsumer: class org.apache.jmeter.report.processor.graph.impl.ResponseTimeVSRequestGraphConsumer#stopProducing(): responseTimeVsRequest produced 0 samples
2026-07-21 00:48:47,007 INFO o.a.j.r.p.AbstractSampleConsumer: class org.apache.jmeter.report.processor.FilterConsumer#stopProducing(): startIntervalControlerFilter produced 63 samples
2026-07-21 00:48:47,007 INFO o.a.j.r.p.AbstractSampleConsumer: class org.apache.jmeter.report.processor.graph.impl.TotalTPSGraphConsumer#stopProducing(): totalTPS produced 0 samples
2026-07-21 00:48:47,010 INFO o.a.j.r.p.AbstractSampleConsumer: class org.apache.jmeter.report.processor.graph.impl.ActiveThreadsGraphConsumer#stopProducing(): activeThreadsOverTime produced 0 samples
2026-07-21 00:48:47,010 INFO o.a.j.r.p.AbstractSampleConsumer: class org.apache.jmeter.report.processor.graph.impl.TimeVSThreadGraphConsumer#stopProducing(): timeVsThreads produced 0 samples
2026-07-21 00:48:47,011 INFO o.a.j.r.p.AbstractSampleConsumer: class org.apache.jmeter.report.processor.graph.impl.ResponseTimeDistributionGraphConsumer#stopProducing(): responseTimeDistribution produced 0 samples
2026-07-21 00:48:47,013 INFO o.a.j.r.p.AbstractSampleConsumer: class org.apache.jmeter.report.processor.graph.impl.TransactionsPerSecondGraphConsumer#stopProducing(): transactionsPerSecond produced 0 samples
2026-07-21 00:48:47,013 INFO o.a.j.r.p.AbstractSampleConsumer: class org.apache.jmeter.report.processor.graph.impl.ResponseTimePercentilesGraphConsumer#stopProducing(): responseTimePercentiles produced 0 samples
2026-07-21 00:48:47,017 INFO o.a.j.r.p.AbstractSampleConsumer: class org.apache.jmeter.report.processor.graph.impl.ResponseTimePercentilesOverTimeGraphConsumer#stopProducing(): responseTimePercentilesOverTime produced 0 samples
2026-07-21 00:48:47,017 INFO o.a.j.r.p.AbstractSampleConsumer: class org.apache.jmeter.report.processor.graph.impl.ResponseTimeOverTimeGraphConsumer#stopProducing(): responseTimesOverTime produced 0 samples
2026-07-21 00:48:47,020 INFO o.a.j.r.p.AbstractSampleConsumer: class org.apache.jmeter.report.processor.graph.impl.ConnectTimeOverTimeGraphConsumer#stopProducing(): connectTimeOverTime produced 0 samples
2026-07-21 00:48:47,025 INFO o.a.j.r.p.AbstractSampleConsumer: class org.apache.jmeter.report.processor.graph.impl.LatencyOverTimeGraphConsumer#stopProducing(): latenciesOverTime produced 0 samples
2026-07-21 00:48:47,025 INFO o.a.j.r.p.AbstractSampleConsumer: class org.apache.jmeter.report.processor.FilterConsumer#stopProducing(): nameFilter produced 135 samples
2026-07-21 00:48:47,026 INFO o.a.j.r.p.AbstractSampleConsumer: class org.apache.jmeter.report.processor.FilterConsumer#stopProducing(): dateRangeFilter produced 27 samples
2026-07-21 00:48:47,026 INFO o.a.j.r.p.AbstractSampleConsumer: class org.apache.jmeter.report.processor.NormalizerSampleConsumer#stopProducing(): normalizer produced 9 samples
2026-07-21 00:48:47,028 INFO o.a.j.r.p.CsvFileSampleSource: produce(): 9 samples produced in 242ms on channel 0
2026-07-21 00:48:47,029 INFO o.a.j.r.d.ReportGenerator: Exporting data using exporter:'json' of className:'org.apache.jmeter.report.dashboard.JsonExporter'
2026-07-21 00:48:47,333 INFO o.a.j.r.d.JsonExporter: Found data for consumer statisticsSummary in context
2026-07-21 00:48:47,334 INFO o.a.j.r.d.JsonExporter: Creating statistics for overall
2026-07-21 00:48:47,339 INFO o.a.j.r.d.JsonExporter: Creating statistics for other transactions
2026-07-21 00:48:47,342 INFO o.a.j.r.d.JsonExporter: Checking output folder
2026-07-21 00:48:47,343 INFO o.a.j.r.d.JsonExporter: Writing statistics JSON to D:\Aseguramiento\multimedia_gallery_steganography_detection_safe\jmeter\results\full-program-html\statistics.json
2026-07-21 00:48:47,564 INFO o.a.j.r.d.ReportGenerator: Exporting data using exporter:'html' of className:'org.apache.jmeter.report.dashboard.HtmlTemplateExporter'
2026-07-21 00:48:47,573 INFO o.a.j.r.d.HtmlTemplateExporter: Will generate dashboard in folder: D:\Aseguramiento\multimedia_gallery_steganography_detection_safe\jmeter\results\full-program-html
2026-07-21 00:48:48,077 INFO o.a.j.r.d.HtmlTemplateExporter: Report will be generated in: D:\Aseguramiento\multimedia_gallery_steganography_detection_safe\jmeter\results\full-program-html, creating folder structure
2026-07-21 00:48:48,081 INFO o.a.j.r.d.TemplateVisitor: Copying folder from 'C:\jmeter\apache-jmeter-5.6.1\bin\report-template' to 'D:\Aseguramiento\multimedia_gallery_steganography_detection_safe\jmeter\results\full-program-html', got message: D:\Aseguramiento\multimedia_gallery_steganography_detection_safe\jmeter\results\full-program-html, found non empty folder with following content [D:\Aseguramiento\multimedia_gallery_steganography_detection_safe\jmeter\results\full-program-html\statistics.json], will be ignored
2026-07-21 00:48:49,415 INFO o.a.j.JMeter: Dashboard generated
