This is pdfTeX, Version 3.141592653-2.6-1.40.27 (MiKTeX 25.4) (preloaded format=pdflatex 2025.5.25)  21 JUL 2026 20:08
entering extended mode
 restricted \write18 enabled.
 file:line:error style messages enabled.
 %&-line parsing enabled.
**"c:/Users/gmlop/Desktop/ESPE/Septimo/aseguramiento/parcial 3/multimedia_gallery_steganography_detection_safe/latex/SQA_Plan.tex"
(c:/Users/gmlop/Desktop/ESPE/Septimo/aseguramiento/parcial 3/multimedia_gallery_steganography_detection_safe/latex/SQA_Plan.tex
LaTeX2e <2024-11-01> patch level 2
L3 programming layer <2025-04-29>
(C:\Users\gmlop\AppData\Local\Programs\MiKTeX\tex/latex/base\article.cls
Document Class: article 2024/06/29 v1.4n Standard LaTeX document class
(C:\Users\gmlop\AppData\Local\Programs\MiKTeX\tex/latex/base\size12.clo
File: size12.clo 2024/06/29 v1.4n Standard LaTeX file (size option)
)
\c@part=\count272
\c@section=\count273
\c@subsection=\count274
\c@subsubsection=\count275
\c@paragraph=\count276
\c@subparagraph=\count277
\c@figure=\count278
\c@table=\count279
\abovecaptionskip=\skip49
\belowcaptionskip=\skip50
\bibindent=\dimen146
) (preamble.tex (C:\Users\gmlop\AppData\Local\Programs\MiKTeX\tex/latex/base\inputenc.sty
Package: inputenc 2024/02/08 v1.3d Input encoding file
\inpenc@prehook=\toks17
\inpenc@posthook=\toks18
) (C:\Users\gmlop\AppData\Local\Programs\MiKTeX\tex/generic/babel\babel.sty
Package: babel 2025/05/14 v25.9 The multilingual framework for pdfLaTeX, LuaLaTeX and XeLaTeX
\babel@savecnt=\count280
\U@D=\dimen147
\l@unhyphenated=\language79
 (C:\Users\gmlop\AppData\Local\Programs\MiKTeX\tex/generic/babel\txtbabel.def)
\bbl@readstream=\read2
\bbl@dirlevel=\count281

*************************************
* Local config file bblopts.cfg used
*
(C:\Users\gmlop\AppData\Local\Programs\MiKTeX\tex/latex/arabi\bblopts.cfg
File: bblopts.cfg 2005/09/08 v0.1 add Arabic and Farsi to "declared" options of babel
) (C:\Users\gmlop\AppData\Local\Programs\MiKTeX\tex/latex/babel-spanish\spanish.ldf
Language: spanish.ldf 2021/05/27 v5.0q Spanish support from the babel system
 (C:\Users\gmlop\AppData\Local\Programs\MiKTeX\tex/generic/babel/locale/es\babel-spanish.tex
Package babel Info: Importing font and identification data for spanish
(babel)             from babel-es.ini. Reported on input line 11.
)
\es@quottoks=\toks19
\es@quotdepth=\count282
Package babel Info: Making " an active character on input line 570.
Package babel Info: Making . an active character on input line 675.
Package babel Info: Making < an active character on input line 722.
Package babel Info: Making > an active character on input line 722.
)) (C:\Users\gmlop\AppData\Local\Programs\MiKTeX\tex/latex/graphics\graphicx.sty
Package: graphicx 2021/09/16 v1.2d Enhanced LaTeX Graphics (DPC,SPQR)
 (C:\Users\gmlop\AppData\Local\Programs\MiKTeX\tex/latex/graphics\keyval.sty
Package: keyval 2022/05/29 v1.15 key=value parser (DPC)
\KV@toks@=\toks20
) (C:\Users\gmlop\AppData\Local\Programs\MiKTeX\tex/latex/graphics\graphics.sty
Package: graphics 2024/08/06 v1.4g Standard LaTeX Graphics (DPC,SPQR)
 (C:\Users\gmlop\AppData\Local\Programs\MiKTeX\tex/latex/graphics\trig.sty
Package: trig 2023/12/02 v1.11 sin cos tan (DPC)
) (C:\Users\gmlop\AppData\Local\Programs\MiKTeX\tex/latex/graphics-cfg\graphics.cfg
File: graphics.cfg 2016/06/04 v1.11 sample graphics configuration
)
Package graphics Info: Driver file: pdftex.def on input line 106.
 (C:\Users\gmlop\AppData\Local\Programs\MiKTeX\tex/latex/graphics-def\pdftex.def
File: pdftex.def 2024/04/13 v1.2c Graphics/color driver for pdftex
))
\Gin@req@height=\dimen148
\Gin@req@width=\dimen149
) (C:\Users\gmlop\AppData\Local\Programs\MiKTeX\tex/latex/geometry\geometry.sty
Package: geometry 2020/01/02 v5.9 Page Geometry
 (C:\Users\gmlop\AppData\Local\Programs\MiKTeX\tex/generic/iftex\ifvtex.sty
Package: ifvtex 2019/10/25 v1.7 ifvtex legacy package. Use iftex instead.
 (C:\Users\gmlop\AppData\Local\Programs\MiKTeX\tex/generic/iftex\iftex.sty
Package: iftex 2024/12/12 v1.0g TeX engine tests
))
\Gm@cnth=\count283
\Gm@cntv=\count284
\c@Gm@tempcnt=\count285
\Gm@bindingoffset=\dimen150
\Gm@wd@mp=\dimen151
\Gm@odd@mp=\dimen152
\Gm@even@mp=\dimen153
\Gm@layoutwidth=\dimen154
\Gm@layoutheight=\dimen155
\Gm@layouthoffset=\dimen156
\Gm@layoutvoffset=\dimen157
\Gm@dimlist=\toks21
 (C:\Users\gmlop\AppData\Local\Programs\MiKTeX\tex/latex/geometry\geometry.cfg)) (C:\Users\gmlop\AppData\Local\Programs\MiKTeX\tex/latex/multirow\multirow.sty
Package: multirow 2024/11/12 v2.9 Span multiple rows of a table
\multirow@colwidth=\skip51
\multirow@cntb=\count286
\multirow@dima=\skip52
\bigstrutjot=\dimen158
) (C:\Users\gmlop\AppData\Local\Programs\MiKTeX\tex/latex/tools\array.sty
Package: array 2024/10/17 v2.6g Tabular extension package (FMi)
\col@sep=\dimen159
\ar@mcellbox=\box53
\extrarowheight=\dimen160
\NC@list=\toks22
\extratabsurround=\skip53
\backup@length=\skip54
\ar@cellbox=\box54
) (C:\Users\gmlop\AppData\Local\Programs\MiKTeX\tex/latex/tools\longtable.sty
Package: longtable 2024-10-27 v4.22 Multi-page Table package (DPC)
\LTleft=\skip55
\LTright=\skip56
\LTpre=\skip57
\LTpost=\skip58
\LTchunksize=\count287
\LTcapwidth=\dimen161
\LT@head=\box55
\LT@firsthead=\box56
\LT@foot=\box57
\LT@lastfoot=\box58
\LT@gbox=\box59
\LT@cols=\count288
\LT@rows=\count289
\c@LT@tables=\count290
\c@LT@chunks=\count291
\LT@p@ftn=\toks23
) (C:\Users\gmlop\AppData\Local\Programs\MiKTeX\tex/latex/booktabs\booktabs.sty
Package: booktabs 2020/01/12 v1.61803398 Publication quality tables
\heavyrulewidth=\dimen162
\lightrulewidth=\dimen163
\cmidrulewidth=\dimen164
\belowrulesep=\dimen165
\belowbottomsep=\dimen166
\aboverulesep=\dimen167
\abovetopsep=\dimen168
\cmidrulesep=\dimen169
\cmidrulekern=\dimen170
\defaultaddspace=\dimen171
\@cmidla=\count292
\@cmidlb=\count293
\@aboverulesep=\dimen172
\@belowrulesep=\dimen173
\@thisruleclass=\count294
\@lastruleclass=\count295
\@thisrulewidth=\dimen174
) (C:\Users\gmlop\AppData\Local\Programs\MiKTeX\tex/latex/hyperref\hyperref.sty
Package: hyperref 2025-05-20 v7.01m Hypertext links for LaTeX
 (C:\Users\gmlop\AppData\Local\Programs\MiKTeX\tex/latex/kvsetkeys\kvsetkeys.sty
Package: kvsetkeys 2022-10-05 v1.19 Key value parser (HO)
) (C:\Users\gmlop\AppData\Local\Programs\MiKTeX\tex/generic/kvdefinekeys\kvdefinekeys.sty
Package: kvdefinekeys 2019-12-19 v1.6 Define keys (HO)
) (C:\Users\gmlop\AppData\Local\Programs\MiKTeX\tex/generic/pdfescape\pdfescape.sty
Package: pdfescape 2019/12/09 v1.15 Implements pdfTeX's escape features (HO)
 (C:\Users\gmlop\AppData\Local\Programs\MiKTeX\tex/generic/ltxcmds\ltxcmds.sty
Package: ltxcmds 2023-12-04 v1.26 LaTeX kernel commands for general use (HO)
) (C:\Users\gmlop\AppData\Local\Programs\MiKTeX\tex/generic/pdftexcmds\pdftexcmds.sty
Package: pdftexcmds 2020-06-27 v0.33 Utility functions of pdfTeX for LuaTeX (HO)
 (C:\Users\gmlop\AppData\Local\Programs\MiKTeX\tex/generic/infwarerr\infwarerr.sty
Package: infwarerr 2019/12/03 v1.5 Providing info/warning/error messages (HO)
)
Package pdftexcmds Info: \pdf@primitive is available.
Package pdftexcmds Info: \pdf@ifprimitive is available.
Package pdftexcmds Info: \pdfdraftmode found.
)) (C:\Users\gmlop\AppData\Local\Programs\MiKTeX\tex/latex/hycolor\hycolor.sty
Package: hycolor 2020-01-27 v1.10 Color options for hyperref/bookmark (HO)
) (C:\Users\gmlop\AppData\Local\Programs\MiKTeX\tex/latex/hyperref\nameref.sty
Package: nameref 2023-11-26 v2.56 Cross-referencing by name of section
 (C:\Users\gmlop\AppData\Local\Programs\MiKTeX\tex/latex/refcount\refcount.sty
Package: refcount 2019/12/15 v3.6 Data extraction from label references (HO)
) (C:\Users\gmlop\AppData\Local\Programs\MiKTeX\tex/generic/gettitlestring\gettitlestring.sty
Package: gettitlestring 2019/12/15 v1.6 Cleanup title references (HO)
 (C:\Users\gmlop\AppData\Local\Programs\MiKTeX\tex/latex/kvoptions\kvoptions.sty
Package: kvoptions 2022-06-15 v3.15 Key value format for package options (HO)
))
\c@section@level=\count296
) (C:\Users\gmlop\AppData\Local\Programs\MiKTeX\tex/latex/etoolbox\etoolbox.sty
Package: etoolbox 2025/02/11 v2.5l e-TeX tools for LaTeX (JAW)
\etb@tempcnta=\count297
) (C:\Users\gmlop\AppData\Local\Programs\MiKTeX\tex/generic/stringenc\stringenc.sty
Package: stringenc 2019/11/29 v1.12 Convert strings between diff. encodings (HO)
)
\@linkdim=\dimen175
\Hy@linkcounter=\count298
\Hy@pagecounter=\count299
 (C:\Users\gmlop\AppData\Local\Programs\MiKTeX\tex/latex/hyperref\pd1enc.def
File: pd1enc.def 2025-05-20 v7.01m Hyperref: PDFDocEncoding definition (HO)
Now handling font encoding PD1 ...
... no UTF-8 mapping file for font encoding PD1
) (C:\Users\gmlop\AppData\Local\Programs\MiKTeX\tex/generic/intcalc\intcalc.sty
Package: intcalc 2019/12/15 v1.3 Expandable calculations with integers (HO)
)
\Hy@SavedSpaceFactor=\count300
 (C:\Users\gmlop\AppData\Local\Programs\MiKTeX\tex/latex/hyperref\puenc.def
File: puenc.def 2025-05-20 v7.01m Hyperref: PDF Unicode definition (HO)
Now handling font encoding PU ...
... no UTF-8 mapping file for font encoding PU
)
Package hyperref Info: Hyper figures OFF on input line 4157.
Package hyperref Info: Link nesting OFF on input line 4162.
Package hyperref Info: Hyper index ON on input line 4165.
Package hyperref Info: Plain pages OFF on input line 4172.
Package hyperref Info: Backreferencing OFF on input line 4177.
Package hyperref Info: Implicit mode ON; LaTeX internals redefined.
Package hyperref Info: Bookmarks ON on input line 4424.
\c@Hy@tempcnt=\count301
 (C:\Users\gmlop\AppData\Local\Programs\MiKTeX\tex/latex/url\url.sty
\Urlmuskip=\muskip17
Package: url 2013/09/16  ver 3.4  Verb mode for urls, etc.
)
LaTeX Info: Redefining \url on input line 4763.
\XeTeXLinkMargin=\dimen176
 (C:\Users\gmlop\AppData\Local\Programs\MiKTeX\tex/generic/bitset\bitset.sty
Package: bitset 2019/12/09 v1.3 Handle bit-vector datatype (HO)
 (C:\Users\gmlop\AppData\Local\Programs\MiKTeX\tex/generic/bigintcalc\bigintcalc.sty
Package: bigintcalc 2019/12/15 v1.5 Expandable calculations on big integers (HO)
))
\Fld@menulength=\count302
\Field@Width=\dimen177
\Fld@charsize=\dimen178
Package hyperref Info: Hyper figures OFF on input line 6042.
Package hyperref Info: Link nesting OFF on input line 6047.
Package hyperref Info: Hyper index ON on input line 6050.
Package hyperref Info: backreferencing OFF on input line 6057.
Package hyperref Info: Link coloring OFF on input line 6062.
Package hyperref Info: Link coloring with OCG OFF on input line 6067.
Package hyperref Info: PDF/A mode OFF on input line 6072.
 (C:\Users\gmlop\AppData\Local\Programs\MiKTeX\tex/latex/base\atbegshi-ltx.sty
Package: atbegshi-ltx 2021/01/10 v1.0c Emulation of the original atbegshi
package with kernel methods
)
\Hy@abspage=\count303
\c@Item=\count304
\c@Hfootnote=\count305
)
Package hyperref Info: Driver (autodetected): hpdftex.
 (C:\Users\gmlop\AppData\Local\Programs\MiKTeX\tex/latex/hyperref\hpdftex.def
File: hpdftex.def 2025-05-20 v7.01m Hyperref driver for pdfTeX
\Fld@listcount=\count306
\c@bookmark@seq@number=\count307
 (C:\Users\gmlop\AppData\Local\Programs\MiKTeX\tex/latex/rerunfilecheck\rerunfilecheck.sty
Package: rerunfilecheck 2022-07-10 v1.10 Rerun checks for auxiliary files (HO)
 (C:\Users\gmlop\AppData\Local\Programs\MiKTeX\tex/latex/base\atveryend-ltx.sty
Package: atveryend-ltx 2020/08/19 v1.0a Emulation of the original atveryend package
with kernel methods
) (C:\Users\gmlop\AppData\Local\Programs\MiKTeX\tex/generic/uniquecounter\uniquecounter.sty
Package: uniquecounter 2019/12/15 v1.4 Provide unlimited unique counter (HO)
)
Package uniquecounter Info: New unique counter `rerunfilecheck' on input line 285.
)
\Hy@SectionHShift=\skip59
) (C:\Users\gmlop\AppData\Local\Programs\MiKTeX\tex/latex/caption\caption.sty
Package: caption 2023/08/05 v3.6o Customizing captions (AR)
 (C:\Users\gmlop\AppData\Local\Programs\MiKTeX\tex/latex/caption\caption3.sty
Package: caption3 2023/07/31 v2.4d caption3 kernel (AR)
\caption@tempdima=\dimen179
\captionmargin=\dimen180
\caption@leftmargin=\dimen181
\caption@rightmargin=\dimen182
\caption@width=\dimen183
\caption@indent=\dimen184
\caption@parindent=\dimen185
\caption@hangindent=\dimen186
Package caption Info: Standard document class detected.
)
\c@caption@flags=\count308
\c@continuedfloat=\count309
Package caption Info: hyperref package is loaded.
Package caption Info: longtable package is loaded.
 (C:\Users\gmlop\AppData\Local\Programs\MiKTeX\tex/latex/caption\ltcaption.sty
Package: ltcaption 2021/01/08 v1.4c longtable captions (AR)
)) (C:\Users\gmlop\AppData\Local\Programs\MiKTeX\tex/latex/float\float.sty
Package: float 2001/11/08 v1.3d Float enhancements (AL)
\c@float@type=\count310
\float@exts=\toks24
\float@box=\box60
\@float@everytoks=\toks25
\@floatcapt=\box61
) (C:\Users\gmlop\AppData\Local\Programs\MiKTeX\tex/latex/titlesec\titlesec.sty
Package: titlesec 2025/01/04 v2.17 Sectioning titles
\ttl@box=\box62
\beforetitleunit=\skip60
\aftertitleunit=\skip61
\ttl@plus=\dimen187
\ttl@minus=\dimen188
\ttl@toksa=\toks26
\titlewidth=\dimen189
\titlewidthlast=\dimen190
\titlewidthfirst=\dimen191
) (C:\Users\gmlop\AppData\Local\Programs\MiKTeX\tex/latex/fancyhdr\fancyhdr.sty
Package: fancyhdr 2025/02/07 v5.2 Extensive control of page headers and footers
\f@nch@headwidth=\skip62
\f@nch@offset@elh=\skip63
\f@nch@offset@erh=\skip64
\f@nch@offset@olh=\skip65
\f@nch@offset@orh=\skip66
\f@nch@offset@elf=\skip67
\f@nch@offset@erf=\skip68
\f@nch@offset@olf=\skip69
\f@nch@offset@orf=\skip70
\f@nch@height=\skip71
\f@nch@footalignment=\skip72
\f@nch@widthL=\skip73
\f@nch@widthC=\skip74
\f@nch@widthR=\skip75
\@temptokenb=\toks27
) (C:\Users\gmlop\AppData\Local\Programs\MiKTeX\tex/latex/psnfss\charter.sty
Package: charter 2020/03/25 PSNFSS-v9.3 (P.Dyballa) 
) (C:\Users\gmlop\AppData\Local\Programs\MiKTeX\tex/latex/tools\multicol.sty
Package: multicol 2024/09/14 v1.9i multicolumn formatting (FMi)
\c@tracingmulticols=\count311
\mult@box=\box63
\multicol@leftmargin=\dimen192
\c@unbalance=\count312
\c@collectmore=\count313
\doublecol@number=\count314
\multicoltolerance=\count315
\multicolpretolerance=\count316
\full@width=\dimen193
\page@free=\dimen194
\premulticols=\dimen195
\postmulticols=\dimen196
\multicolsep=\skip76
\multicolbaselineskip=\skip77
\partial@page=\box64
\last@line=\box65
\mc@boxedresult=\box66
\maxbalancingoverflow=\dimen197
\mult@rightbox=\box67
\mult@grightbox=\box68
\mult@firstbox=\box69
\mult@gfirstbox=\box70
\@tempa=\box71
\@tempa=\box72
\@tempa=\box73
\@tempa=\box74
\@tempa=\box75
\@tempa=\box76
\@tempa=\box77
\@tempa=\box78
\@tempa=\box79
\@tempa=\box80
\@tempa=\box81
\@tempa=\box82
\@tempa=\box83
\@tempa=\box84
\@tempa=\box85
\@tempa=\box86
\@tempa=\box87
\@tempa=\box88
\@tempa=\box89
\@tempa=\box90
\@tempa=\box91
\@tempa=\box92
\@tempa=\box93
\@tempa=\box94
\@tempa=\box95
\@tempa=\box96
\@tempa=\box97
\@tempa=\box98
\@tempa=\box99
\@tempa=\box100
\@tempa=\box101
\@tempa=\box102
\@tempa=\box103
\@tempa=\box104
\@tempa=\box105
\@tempa=\box106
\c@minrows=\count317
\c@columnbadness=\count318
\c@finalcolumnbadness=\count319
\last@try=\dimen198
\multicolovershoot=\dimen199
\multicolundershoot=\dimen256
\mult@nat@firstbox=\box107
\colbreak@box=\box108
\mc@col@check@num=\count320
)
Package hyperref Info: Option `colorlinks' set `true' on input line 23.
)
LaTeX Font Info:    Trying to load font information for OT1+bch on input line 4.
 (C:\Users\gmlop\AppData\Local\Programs\MiKTeX\tex/latex/psnfss\ot1bch.fd
File: ot1bch.fd 2004/10/18 font definitions for OT1/bch.
) (C:\Users\gmlop\AppData\Local\Programs\MiKTeX\tex/latex/l3backend\l3backend-pdftex.def
File: l3backend-pdftex.def 2025-04-14 L3 backend support: PDF output (pdfTeX)
\l__color_backend_stack_int=\count321
) (SQA_Plan.aux
LaTeX Info: Redefining \. on input line 11.
LaTeX Info: Redefining \% on input line 11.
Package babel Info: 'spanish' activates 'spanish' shorthands.
(babel)             Reported  on input line 11.
)
\openout1 = `SQA_Plan.aux'.

LaTeX Font Info:    Checking defaults for OML/cmm/m/it on input line 4.
LaTeX Font Info:    ... okay on input line 4.
LaTeX Font Info:    Checking defaults for OMS/cmsy/m/n on input line 4.
LaTeX Font Info:    ... okay on input line 4.
LaTeX Font Info:    Checking defaults for OT1/cmr/m/n on input line 4.
LaTeX Font Info:    ... okay on input line 4.
LaTeX Font Info:    Checking defaults for T1/cmr/m/n on input line 4.
LaTeX Font Info:    ... okay on input line 4.
LaTeX Font Info:    Checking defaults for TS1/cmr/m/n on input line 4.
LaTeX Font Info:    ... okay on input line 4.
LaTeX Font Info:    Checking defaults for OMX/cmex/m/n on input line 4.
LaTeX Font Info:    ... okay on input line 4.
LaTeX Font Info:    Checking defaults for U/cmr/m/n on input line 4.
LaTeX Font Info:    ... okay on input line 4.
LaTeX Font Info:    Checking defaults for PD1/pdf/m/n on input line 4.
LaTeX Font Info:    ... okay on input line 4.
LaTeX Font Info:    Checking defaults for PU/pdf/m/n on input line 4.
LaTeX Font Info:    ... okay on input line 4.
LaTeX Info: Redefining \. on input line 4.
LaTeX Info: Redefining \% on input line 4.
 (C:\Users\gmlop\AppData\Local\Programs\MiKTeX\tex/context/base/mkii\supp-pdf.mkii
[Loading MPS to PDF converter (version 2006.09.02).]
\scratchcounter=\count322
\scratchdimen=\dimen257
\scratchbox=\box109
\nofMPsegments=\count323
\nofMParguments=\count324
\everyMPshowfont=\toks28
\MPscratchCnt=\count325
\MPscratchDim=\dimen258
\MPnumerator=\count326
\makeMPintoPDFobject=\count327
\everyMPtoPDFconversion=\toks29
) (C:\Users\gmlop\AppData\Local\Programs\MiKTeX\tex/latex/epstopdf-pkg\epstopdf-base.sty
Package: epstopdf-base 2020-01-24 v2.11 Base part for package epstopdf
Package epstopdf-base Info: Redefining graphics rule for `.eps' on input line 485.
 (C:\Users\gmlop\AppData\Local\Programs\MiKTeX\tex/latex/00miktex\epstopdf-sys.cfg
File: epstopdf-sys.cfg 2021/03/18 v2.0 Configuration of epstopdf for MiKTeX
))
*geometry* driver: auto-detecting
*geometry* detected driver: pdftex
*geometry* verbose mode - [ preamble ] result:
* driver: pdftex
* paper: letterpaper
* layout: <same size as paper>
* layoutoffset:(h,v)=(0.0pt,0.0pt)
* modes: 
* h-part:(L,W,R)=(72.26999pt, 469.75502pt, 72.26999pt)
* v-part:(T,H,B)=(72.26999pt, 650.43001pt, 72.26999pt)
* \paperwidth=614.295pt
* \paperheight=794.96999pt
* \textwidth=469.75502pt
* \textheight=650.43001pt
* \oddsidemargin=0.0pt
* \evensidemargin=0.0pt
* \topmargin=-37.0pt
* \headheight=12.0pt
* \headsep=25.0pt
* \topskip=12.0pt
* \footskip=30.0pt
* \marginparwidth=44.0pt
* \marginparsep=10.0pt
* \columnsep=10.0pt
* \skip\footins=10.8pt plus 4.0pt minus 2.0pt
* \hoffset=0.0pt
* \voffset=0.0pt
* \mag=1000
* \@twocolumnfalse
* \@twosidefalse
* \@mparswitchfalse
* \@reversemarginfalse
* (1in=72.27pt=25.4mm, 1cm=28.453pt)

(C:\Users\gmlop\AppData\Local\Programs\MiKTeX\tex/latex/graphics\color.sty
Package: color 2024/06/23 v1.3e Standard LaTeX Color (DPC)
 (C:\Users\gmlop\AppData\Local\Programs\MiKTeX\tex/latex/graphics-cfg\color.cfg
File: color.cfg 2016/01/02 v1.6 sample color configuration
)
Package color Info: Driver file: pdftex.def on input line 149.
 (C:\Users\gmlop\AppData\Local\Programs\MiKTeX\tex/latex/graphics\mathcolor.ltx))
Package hyperref Info: Link coloring ON on input line 4.
 (SQA_Plan.out) (SQA_Plan.out)
\@outlinefile=\write3
\openout3 = `SQA_Plan.out'.

Package caption Info: Begin \AtBeginDocument code.
Package caption Info: float package is loaded.
Package caption Info: End \AtBeginDocument code.
 (frontmatter/titlepage.tex

[1

{C:/Users/gmlop/AppData/Local/MiKTeX/fonts/map/pdftex/pdftex.map}{C:/Users/gmlop/AppData/Local/Programs/MiKTeX/fonts/enc/dvips/base/8r.enc}]
LaTeX Font Info:    External font `cmex10' loaded for size
(Font)              <12> on input line 38.
LaTeX Font Info:    External font `cmex10' loaded for size
(Font)              <8> on input line 38.
LaTeX Font Info:    External font `cmex10' loaded for size
(Font)              <6> on input line 38.


[2])


pdfTeX warning (ext4): destination with the same identifier (name{page.1}) has been already used, duplicate ignored
<to be read again> 
                   \relax 
l.8 \newpage\null\newpage
                          [1] (frontmatter/preface.tex)


pdfTeX warning (ext4): destination with the same identifier (name{page.2}) has been already used, duplicate ignored
<to be read again> 
                   \relax 
l.11 \newpage
             \null\newpage [2]

[3] (frontmatter/change_record.tex
Underfull \hbox (badness 1454) in paragraph at lines 6--7
[]|\OT1/bch/b/n/12 Solicitud de
 []


Underfull \hbox (badness 6316) in paragraph at lines 8--8
[]|\OT1/bch/m/n/12 Documento Com-
 []


Overfull \hbox (60.28899pt too wide) in alignment at lines 4--10
 [] [] [] [] [] [] 
 []

)

[4]

[5] (SQA_Plan.toc
LaTeX Info: Redefining \. on input line 1.
LaTeX Info: Redefining \% on input line 1.


[6])
\tf@toc=\write4
\openout4 = `SQA_Plan.toc'.



[7]

[8] (sections/section01.tex

[9]
<images/imagen1.png, id=352, 975.645pt x 563.85657pt>
File: images/imagen1.png Graphic file (type png)
<use images/imagen1.png>
Package pdftex.def Info: images/imagen1.png  used on input line 74.
(pdftex.def)             Requested size: 375.80544pt x 217.193pt.


[10]

[11 <./images/imagen1.png>])

[12]

[13] (sections/section02.tex
<images/imagen2.png, id=394, 779.16093pt x 581.17125pt>
File: images/imagen2.png Graphic file (type png)
<use images/imagen2.png>
Package pdftex.def Info: images/imagen2.png  used on input line 11.
(pdftex.def)             Requested size: 422.77664pt x 315.34422pt.


[14 <./images/imagen2.png>]

[15]
Underfull \hbox (badness 10000) in paragraph at lines 96--97
[]|\OT1/bch/m/n/12 Control de ver-sio-nes
 []


Underfull \hbox (badness 10000) in paragraph at lines 98--98
[]|\OT1/bch/m/n/12 Docker & Doc-ker
 []


Underfull \hbox (badness 1590) in paragraph at lines 98--99
\OT1/bch/m/n/12 malwa-re), des-plie-gue del
 []


Underfull \hbox (badness 10000) in paragraph at lines 100--101
[]|\OT1/bch/m/n/12 Hospedaje del fron-tend
 []


Underfull \hbox (badness 4846) in paragraph at lines 102--102
[]|\OT1/bch/m/n/12 Java 21 + Ma-ven
 []


Underfull \hbox (badness 2894) in paragraph at lines 102--103
[]|\OT1/bch/m/n/12 Desarrollo y com-pi-la-ci[]on
 []


Underfull \hbox (badness 10000) in paragraph at lines 104--105
[]|\OT1/bch/m/n/12 Desarrollo del fron-tend
 []


Underfull \hbox (badness 10000) in paragraph at lines 106--107
[]|\OT1/bch/m/n/12 Persistencia del sis-te-ma
 []


Underfull \hbox (badness 10000) in paragraph at lines 110--111
[]|\OT1/bch/m/n/12 Codificaci[]on, de-pu-ra-ci[]on,
 []



[16]
Underfull \hbox (badness 2635) in paragraph at lines 123--124
[]|\OT1/bch/b/n/12 PORCENTAJE DE
 []



[17])

[18]

[19] (sections/section03.tex

[20]

[21]

[22]

[23]

[24]
Underfull \hbox (badness 10000) in paragraph at lines 123--123
[]|\OT1/bch/b/n/12 Ger.
 []


Underfull \hbox (badness 10000) in paragraph at lines 123--123
[]|\OT1/bch/b/n/12 Ger.
 []


Underfull \hbox (badness 10000) in paragraph at lines 123--123
[]|\OT1/bch/b/n/12 Ger.
 []


Underfull \hbox (badness 10000) in paragraph at lines 123--123
[]|\OT1/bch/b/n/12 Ing.
 []


Underfull \hbox (badness 10000) in paragraph at lines 123--123
[]|\OT1/bch/b/n/12 Des.
 []


Overfull \hbox (8.9208pt too wide) in paragraph at lines 123--124
[]|\OT1/bch/b/n/12 Probador| 
 []


Underfull \hbox (badness 10000) in paragraph at lines 125--125
[]|\OT1/bch/m/n/12 Desarrollar/Documentar
 []


Underfull \hbox (badness 4366) in paragraph at lines 135--135
[]|\OT1/bch/m/n/12 Evaluar he-rra-mien-tas de
 []


Underfull \hbox (badness 10000) in paragraph at lines 137--137
[]|\OT1/bch/m/n/12 Desarrollar/Documentar
 []


Underfull \hbox (badness 2512) in paragraph at lines 143--143
[]|\OT1/bch/m/n/12 Desarrollar/Corregir c[]odi-
 []


Underfull \hbox (badness 5519) in paragraph at lines 155--155
[]|\OT1/bch/m/n/12 Evaluar/Reportar pro-ce-so
 []


Underfull \hbox (badness 6173) in paragraph at lines 167--167
[]|\OT1/bch/m/n/12 Auditor[]^^Pas de con-fi-gu-ra-
 []


Overfull \hbox (4.40253pt too wide) in paragraph at lines 121--178
 [][] 
 []



[25]

[26]
Underfull \hbox (badness 10000) in paragraph at lines 191--191
[]|\OT1/bch/m/n/12 Semana 1:
 []


Underfull \hbox (badness 10000) in paragraph at lines 191--191
\OT1/bch/m/n/12 Re-vi-si[]on y
 []


Underfull \hbox (badness 6510) in paragraph at lines 191--191
\OT1/bch/m/n/12 exis-ten-te, iden-ti-fi-ca-
 []


Underfull \hbox (badness 3333) in paragraph at lines 191--191
\OT1/bch/m/n/12 SQA, de-fi-ni-ci[]on del
 []


Underfull \hbox (badness 5077) in paragraph at lines 191--191
\OT1/bch/m/n/12 di-tor[]^^Pa de pro-ce-sos
 []


Underfull \hbox (badness 10000) in paragraph at lines 193--193
[]|\OT1/bch/m/n/12 Semana 2:
 []


Underfull \hbox (badness 10000) in paragraph at lines 193--193
\OT1/bch/m/n/12 Prue-bas y
 []


Underfull \hbox (badness 10000) in paragraph at lines 193--193
\OT1/bch/m/n/12 Do-cu-men-ta-
 []


Underfull \hbox (badness 6141) in paragraph at lines 193--193
\OT1/bch/m/n/12 se, Cy-press), re-gis-
 []


Underfull \hbox (badness 4416) in paragraph at lines 193--193
\OT1/bch/m/n/12 tro de ha-llaz-gos y
 []


Underfull \hbox (badness 3568) in paragraph at lines 193--193
\OT1/bch/m/n/12 ac-cio-nes co-rrec-ti-vas,
 []


Underfull \hbox (badness 10000) in paragraph at lines 193--194
\OT1/bch/m/n/12 01/CFG-01/BLD-01/CAL-01,
 []

)

[27]

[28] (sections/section04.tex
Underfull \hbox (badness 4036) in paragraph at lines 14--14
[]|\OT1/bch/b/n/12 DOCUMENTACI[]ON EN-TRE-
 []


Underfull \hbox (badness 10000) in paragraph at lines 18--19
[]|\OT1/bch/m/n/12 DI-IPSC-81435 (MIL-STD-
 []


Underfull \hbox (badness 10000) in paragraph at lines 20--21
[]|\OT1/bch/m/n/12 DI-IPSC-81436 (MIL-STD-
 []


Underfull \hbox (badness 10000) in paragraph at lines 24--25
[]|\OT1/bch/m/n/12 Interna, ali-nea-da a IEEE
 []


Overfull \hbox (39.6529pt too wide) in paragraph at lines 33--60
 [][] 
 []



[29])

[30]

[31] (sections/section05.tex

[32]
Overfull \hbox (4.8786pt too wide) in paragraph at lines 58--60
\OT1/bch/m/n/12 Donde $\OML/cmm/m/it/12 N[]$ \OT1/bch/m/n/12 son las au-di-tor[]^^Pas que cum-plen el um-bral de-fi-ni-do y $\OML/cmm/m/it/12 N[]$
 []



[33]

[34]

[35])

[36]

[37] (sections/section06.tex
<images/imagen3.png, id=615, 75.28125pt x 75.28125pt>
File: images/imagen3.png Graphic file (type png)
<use images/imagen3.png>
Package pdftex.def Info: images/imagen3.png  used on input line 8.
(pdftex.def)             Requested size: 375.80544pt x 375.95955pt.


[38]
Underfull \hbox (badness 10000) in paragraph at lines 27--28
[]|\OT1/cmtt/m/n/12 FileStorageServiceTest
 []


Underfull \hbox (badness 10000) in paragraph at lines 29--30
[]|\OT1/cmtt/m/n/12 ImageRepositoryTest\OT1/bch/m/n/12 ,
 []


Underfull \hbox (badness 10000) in paragraph at lines 29--30
\OT1/cmtt/m/n/12 AlbumSanitizationJpaTest
 []


Overfull \hbox (0.73639pt too wide) in paragraph at lines 31--32
[]|\OT1/cmtt/m/n/12 SupervisorControllerTest\OT1/bch/m/n/12 ,
 []


Overfull \hbox (0.73639pt too wide) in paragraph at lines 31--32
\OT1/cmtt/m/n/12 SupervisorPanelAuditTest\OT1/bch/m/n/12 ,
 []


Underfull \hbox (badness 10000) in paragraph at lines 31--32
\OT1/cmtt/m/n/12 XssSanitizationTest\OT1/bch/m/n/12 ,
 []


Underfull \hbox (badness 10000) in paragraph at lines 31--32
\OT1/cmtt/m/n/12 AlbumAuthorizationTest
 []


Underfull \hbox (badness 1281) in paragraph at lines 33--33
[]|\OT1/bch/m/n/12 Sanitizaci[]on XSS, au-to-ri-za-
 []


Underfull \hbox (badness 10000) in paragraph at lines 35--36
[]|\OT1/bch/m/n/12 Cypress
 []


Underfull \hbox (badness 10000) in paragraph at lines 35--36
\OT1/bch/m/n/12 (\OT1/cmtt/m/n/12 quarantine-harmless\OT1/bch/m/n/12 ,
 []



[39 <./images/imagen3.png>]
Overfull \hbox (1.66397pt too wide) in paragraph at lines 50--50
[]|\OT1/bch/b/n/12 REQUISITO| 
 []


Overfull \hbox (1.66397pt too wide) in paragraph at lines 54--54
[]|\OT1/bch/b/n/12 REQUISITO| 
 []


Underfull \hbox (badness 10000) in paragraph at lines 57--57
\OT1/bch/m/n/12 Registro
 []


Underfull \hbox (badness 10000) in paragraph at lines 57--57
\OT1/bch/m/n/12 y Au-ten-
 []


Underfull \hbox (badness 10000) in paragraph at lines 57--57
\OT1/bch/m/n/12 ti-ca-ci[]on
 []


Underfull \hbox (badness 10000) in paragraph at lines 68--68
\OT1/bch/m/n/12 Ac-ce-so y
 []


Underfull \hbox (badness 10000) in paragraph at lines 79--79
\OT1/bch/m/n/12 Detecci[]on
 []


Overfull \hbox (3.68248pt too wide) in paragraph at lines 94--94
\OT1/bch/m/n/12 Cuarentena
 []


Underfull \hbox (badness 10000) in paragraph at lines 119--119
\OT1/bch/m/n/12 Panel
 []


Underfull \hbox (badness 10000) in paragraph at lines 119--119
\OT1/bch/m/n/12 de Su-
 []


Underfull \hbox (badness 10000) in paragraph at lines 119--119
\OT1/bch/m/n/12 per-vi-sor,
 []


Underfull \hbox (badness 10000) in paragraph at lines 119--119
\OT1/bch/m/n/12 Au-di-tor[]^^Pa
 []

[40]
Overfull \hbox (4.52727pt too wide) in paragraph at lines 155--155
[]|\OT1/bch/b/n/12 PRECONDICIONES| 
 []


Underfull \hbox (badness 10000) in paragraph at lines 157--157
[]|\OT1/bch/b/n/12 DATOS DE EN-
 []


Underfull \hbox (badness 10000) in paragraph at lines 159--159
[]|\OT1/bch/b/n/12 RESULTADO ES-
 []


Underfull \hbox (badness 5217) in paragraph at lines 161--161
[]|\OT1/bch/b/n/12 RESULTADO OB-
 []



[41]
Overfull \hbox (4.52727pt too wide) in paragraph at lines 177--177
[]|\OT1/bch/b/n/12 PRECONDICIONES| 
 []


Underfull \hbox (badness 10000) in paragraph at lines 179--179
[]|\OT1/bch/b/n/12 DATOS DE EN-
 []


Underfull \hbox (badness 10000) in paragraph at lines 181--181
[]|\OT1/bch/b/n/12 RESULTADO ES-
 []


Underfull \hbox (badness 5217) in paragraph at lines 183--183
[]|\OT1/bch/b/n/12 RESULTADO OB-
 []


Overfull \hbox (4.52727pt too wide) in paragraph at lines 199--199
[]|\OT1/bch/b/n/12 PRECONDICIONES| 
 []


Underfull \hbox (badness 10000) in paragraph at lines 201--201
[]|\OT1/bch/b/n/12 DATOS DE EN-
 []


Underfull \hbox (badness 10000) in paragraph at lines 203--203
[]|\OT1/bch/b/n/12 RESULTADO ES-
 []


Underfull \hbox (badness 5217) in paragraph at lines 205--205
[]|\OT1/bch/b/n/12 RESULTADO OB-
 []



[42]
Overfull \hbox (4.52727pt too wide) in paragraph at lines 221--221
[]|\OT1/bch/b/n/12 PRECONDICIONES| 
 []


Underfull \hbox (badness 10000) in paragraph at lines 223--223
[]|\OT1/bch/b/n/12 DATOS DE EN-
 []


Underfull \hbox (badness 10000) in paragraph at lines 225--225
[]|\OT1/bch/b/n/12 RESULTADO ES-
 []


Underfull \hbox (badness 5217) in paragraph at lines 227--227
[]|\OT1/bch/b/n/12 RESULTADO OB-
 []


Overfull \hbox (4.52727pt too wide) in paragraph at lines 243--243
[]|\OT1/bch/b/n/12 PRECONDICIONES| 
 []


Underfull \hbox (badness 10000) in paragraph at lines 245--245
[]|\OT1/bch/b/n/12 DATOS DE EN-
 []


Underfull \hbox (badness 10000) in paragraph at lines 247--247
[]|\OT1/bch/b/n/12 RESULTADO ES-
 []


Underfull \hbox (badness 5217) in paragraph at lines 249--249
[]|\OT1/bch/b/n/12 RESULTADO OB-
 []



[43]
Overfull \hbox (4.52727pt too wide) in paragraph at lines 267--267
[]|\OT1/bch/b/n/12 PRECONDICIONES| 
 []


Underfull \hbox (badness 10000) in paragraph at lines 269--269
[]|\OT1/bch/b/n/12 DATOS DE EN-
 []


Underfull \hbox (badness 10000) in paragraph at lines 271--271
[]|\OT1/bch/b/n/12 RESULTADO ES-
 []


Underfull \hbox (badness 5217) in paragraph at lines 273--273
[]|\OT1/bch/b/n/12 RESULTADO OB-
 []


Overfull \hbox (4.52727pt too wide) in paragraph at lines 289--289
[]|\OT1/bch/b/n/12 PRECONDICIONES| 
 []


Underfull \hbox (badness 10000) in paragraph at lines 291--291
[]|\OT1/bch/b/n/12 DATOS DE EN-
 []


Underfull \hbox (badness 10000) in paragraph at lines 293--293
[]|\OT1/bch/b/n/12 RESULTADO ES-
 []


Underfull \hbox (badness 5217) in paragraph at lines 295--295
[]|\OT1/bch/b/n/12 RESULTADO OB-
 []


Overfull \hbox (4.52727pt too wide) in paragraph at lines 311--311
[]|\OT1/bch/b/n/12 PRECONDICIONES| 
 []


Underfull \hbox (badness 10000) in paragraph at lines 313--313
[]|\OT1/bch/b/n/12 DATOS DE EN-
 []


Underfull \hbox (badness 10000) in paragraph at lines 315--315
[]|\OT1/bch/b/n/12 RESULTADO ES-
 []


Underfull \hbox (badness 5217) in paragraph at lines 317--317
[]|\OT1/bch/b/n/12 RESULTADO OB-
 []



[44]
Overfull \hbox (4.52727pt too wide) in paragraph at lines 333--333
[]|\OT1/bch/b/n/12 PRECONDICIONES| 
 []


Underfull \hbox (badness 10000) in paragraph at lines 335--335
[]|\OT1/bch/b/n/12 DATOS DE EN-
 []


Underfull \hbox (badness 10000) in paragraph at lines 337--337
[]|\OT1/bch/b/n/12 RESULTADO ES-
 []


Underfull \hbox (badness 5217) in paragraph at lines 339--339
[]|\OT1/bch/b/n/12 RESULTADO OB-
 []


Overfull \hbox (4.52727pt too wide) in paragraph at lines 355--355
[]|\OT1/bch/b/n/12 PRECONDICIONES| 
 []


Underfull \hbox (badness 10000) in paragraph at lines 357--357
[]|\OT1/bch/b/n/12 DATOS DE EN-
 []


Underfull \hbox (badness 10000) in paragraph at lines 359--359
[]|\OT1/bch/b/n/12 RESULTADO ES-
 []


Underfull \hbox (badness 5217) in paragraph at lines 361--361
[]|\OT1/bch/b/n/12 RESULTADO OB-
 []


Overfull \hbox (4.52727pt too wide) in paragraph at lines 379--379
[]|\OT1/bch/b/n/12 PRECONDICIONES| 
 []


Underfull \hbox (badness 10000) in paragraph at lines 381--381
[]|\OT1/bch/b/n/12 DATOS DE EN-
 []


Underfull \hbox (badness 10000) in paragraph at lines 381--382
[]|\OT1/bch/m/n/12 1. Crear JPEG v[]ali-do con da-tos AS-CII ``men-
 []


Underfull \hbox (badness 5417) in paragraph at lines 381--382
\OT1/bch/m/n/12 sa-je'' des-pu[]es del mar-ca-dor FF D9. 2. Eje-cu-tar
 []


Underfull \hbox (badness 1546) in paragraph at lines 381--382
\OT1/cmtt/m/n/12 true\OT1/bch/m/n/12 . 4. Eje-cu-tar \OT1/cmtt/m/n/12 getSteganographyReport(file) \OT1/bch/m/n/12 y
 []


Underfull \hbox (badness 10000) in paragraph at lines 383--383
[]|\OT1/bch/b/n/12 RESULTADO ES-
 []


Underfull \hbox (badness 10000) in paragraph at lines 383--384
[]|\OT1/cmtt/m/n/12 detectSteganography() \OT1/bch/m/n/12 re-tor-na \OT1/cmtt/m/n/12 true\OT1/bch/m/n/12 ;
 []


Underfull \hbox (badness 10000) in paragraph at lines 383--384
\OT1/cmtt/m/n/12 getSteganographyReport() \OT1/bch/m/n/12 re-tor-na re-por-te con
 []


Underfull \hbox (badness 5217) in paragraph at lines 385--385
[]|\OT1/bch/b/n/12 RESULTADO OB-
 []



[45]
Overfull \hbox (4.52727pt too wide) in paragraph at lines 401--401
[]|\OT1/bch/b/n/12 PRECONDICIONES| 
 []


Underfull \hbox (badness 10000) in paragraph at lines 403--403
[]|\OT1/bch/b/n/12 DATOS DE EN-
 []


Underfull \hbox (badness 10000) in paragraph at lines 405--405
[]|\OT1/bch/b/n/12 RESULTADO ES-
 []


Underfull \hbox (badness 5217) in paragraph at lines 407--407
[]|\OT1/bch/b/n/12 RESULTADO OB-
 []


Overfull \hbox (4.52727pt too wide) in paragraph at lines 423--423
[]|\OT1/bch/b/n/12 PRECONDICIONES| 
 []


Underfull \hbox (badness 10000) in paragraph at lines 425--425
[]|\OT1/bch/b/n/12 DATOS DE EN-
 []


Underfull \hbox (badness 10000) in paragraph at lines 427--427
[]|\OT1/bch/b/n/12 RESULTADO ES-
 []


Underfull \hbox (badness 10000) in paragraph at lines 427--428
[]|\OT1/cmtt/m/n/12 detectSteganography() \OT1/bch/m/n/12 = \OT1/cmtt/m/n/12 false\OT1/bch/m/n/12 ;
 []


Underfull \hbox (badness 5217) in paragraph at lines 429--429
[]|\OT1/bch/b/n/12 RESULTADO OB-
 []



[46]
Overfull \hbox (4.52727pt too wide) in paragraph at lines 445--445
[]|\OT1/bch/b/n/12 PRECONDICIONES| 
 []


Underfull \hbox (badness 10000) in paragraph at lines 447--447
[]|\OT1/bch/b/n/12 DATOS DE EN-
 []


Underfull \hbox (badness 10000) in paragraph at lines 449--449
[]|\OT1/bch/b/n/12 RESULTADO ES-
 []


Underfull \hbox (badness 5217) in paragraph at lines 451--451
[]|\OT1/bch/b/n/12 RESULTADO OB-
 []


Overfull \hbox (4.52727pt too wide) in paragraph at lines 467--467
[]|\OT1/bch/b/n/12 PRECONDICIONES| 
 []


Underfull \hbox (badness 10000) in paragraph at lines 469--469
[]|\OT1/bch/b/n/12 DATOS DE EN-
 []

LaTeX Font Info:    Trying to load font information for OMS+cmtt on input line 469.
LaTeX Font Info:    No file OMScmtt.fd. on input line 469.

LaTeX Font Warning: Font shape `OMS/cmtt/m/n' undefined
(Font)              using `OMS/cmsy/m/n' instead
(Font)              for symbol `textbackslash' on input line 469.


Underfull \hbox (badness 2538) in paragraph at lines 469--470
[]|\OT1/bch/m/n/12 1. Crear JPEG con by-tes \OT1/cmtt/m/n/12 PK\OMS/cmtt/m/n/12 n\OT1/cmtt/m/n/12 x03\OMS/cmtt/m/n/12 n\OT1/cmtt/m/n/12 x04 \OT1/bch/m/n/12 (fir-ma ZIP)
 []


Underfull \hbox (badness 1248) in paragraph at lines 469--470
\OT1/bch/m/n/12 in-crus-ta-dos des-pu[]es del mar-ca-dor EOF. 2. Eje-cu-tar
 []


Underfull \hbox (badness 10000) in paragraph at lines 471--471
[]|\OT1/bch/b/n/12 RESULTADO ES-
 []


Underfull \hbox (badness 5217) in paragraph at lines 473--473
[]|\OT1/bch/b/n/12 RESULTADO OB-
 []



[47]
Underfull \hbox (badness 3746) in paragraph at lines 487--488
[]|\OT1/bch/m/n/12 Validar que un JPEG con fir-ma m[]agi-ca co-rrec-ta
 []


Overfull \hbox (4.52727pt too wide) in paragraph at lines 489--489
[]|\OT1/bch/b/n/12 PRECONDICIONES| 
 []


Underfull \hbox (badness 10000) in paragraph at lines 491--491
[]|\OT1/bch/b/n/12 DATOS DE EN-
 []


Underfull \hbox (badness 10000) in paragraph at lines 493--493
[]|\OT1/bch/b/n/12 RESULTADO ES-
 []


Underfull \hbox (badness 5217) in paragraph at lines 495--495
[]|\OT1/bch/b/n/12 RESULTADO OB-
 []


Overfull \hbox (4.52727pt too wide) in paragraph at lines 511--511
[]|\OT1/bch/b/n/12 PRECONDICIONES| 
 []


Underfull \hbox (badness 10000) in paragraph at lines 513--513
[]|\OT1/bch/b/n/12 DATOS DE EN-
 []


Underfull \hbox (badness 2698) in paragraph at lines 513--514
[]|\OT1/bch/m/n/12 1. Crear \OT1/cmtt/m/n/12 MultipartFile \OT1/bch/m/n/12 con 0 by-tes. 2. Eje-cu-tar
 []


Underfull \hbox (badness 10000) in paragraph at lines 515--515
[]|\OT1/bch/b/n/12 RESULTADO ES-
 []


Underfull \hbox (badness 5217) in paragraph at lines 517--517
[]|\OT1/bch/b/n/12 RESULTADO OB-
 []



[48]
Overfull \hbox (4.52727pt too wide) in paragraph at lines 535--535
[]|\OT1/bch/b/n/12 PRECONDICIONES| 
 []


Underfull \hbox (badness 1910) in paragraph at lines 535--536
[]|\OT1/bch/m/n/12 Supervisor au-ten-ti-ca-do con rol RO-LE[]SUPERVISOR;
 []


Underfull \hbox (badness 10000) in paragraph at lines 537--537
[]|\OT1/bch/b/n/12 DATOS DE EN-
 []


Underfull \hbox (badness 10000) in paragraph at lines 537--538
[]|\OT1/bch/m/n/12 1. Au-ten-ti-car-se co-mo su-per-vi-sor. 2. En-
 []


Underfull \hbox (badness 10000) in paragraph at lines 537--538
\OT1/bch/m/n/12 viar PUT a \OT1/cmtt/m/n/12 /api/admin/image/\OMS/cmtt/m/n/12 f\OT1/cmtt/m/n/12 id\OMS/cmtt/m/n/12 g\OT1/cmtt/m/n/12 /approve
 []


Underfull \hbox (badness 10000) in paragraph at lines 537--538
\OT1/bch/m/n/12 con to-ken CSRF. 3. Ve-ri-fi-car res-pues-ta 200
 []


Underfull \hbox (badness 10000) in paragraph at lines 537--538
\OT1/bch/m/n/12 con el men-sa-je de []exi-to. 4. Ve-ri-fi-car que
 []


Underfull \hbox (badness 10000) in paragraph at lines 537--538
\OT1/cmtt/m/n/12 fileStorageService.approveQuarantinedImage()
 []


Underfull \hbox (badness 10000) in paragraph at lines 539--539
[]|\OT1/bch/b/n/12 RESULTADO ES-
 []


Underfull \hbox (badness 10000) in paragraph at lines 539--540
[]|\OT1/bch/m/n/12 HTTP 200 + men-sa-je ``Ima-gen apro-ba-da y
 []


Underfull \hbox (badness 10000) in paragraph at lines 539--540
\OT1/bch/m/n/12 en-via-da a la b[]ove-da se-gu-ra.'' + lla-ma-da a
 []


Underfull \hbox (badness 5217) in paragraph at lines 541--541
[]|\OT1/bch/b/n/12 RESULTADO OB-
 []


Overfull \hbox (4.52727pt too wide) in paragraph at lines 557--557
[]|\OT1/bch/b/n/12 PRECONDICIONES| 
 []


Underfull \hbox (badness 10000) in paragraph at lines 559--559
[]|\OT1/bch/b/n/12 DATOS DE EN-
 []


Underfull \hbox (badness 2050) in paragraph at lines 559--560
[]|\OT1/bch/m/n/12 1. Au-ten-ti-car-se co-mo su-per-vi-sor. 2. En-viar PUT a
 []


Underfull \hbox (badness 1655) in paragraph at lines 559--560
\OT1/bch/m/n/12 que \OT1/cmtt/m/n/12 fileStorageService.rejectQuarantinedImage()
 []


Underfull \hbox (badness 10000) in paragraph at lines 561--561
[]|\OT1/bch/b/n/12 RESULTADO ES-
 []


Underfull \hbox (badness 10000) in paragraph at lines 561--562
[]|\OT1/bch/m/n/12 HTTP 200 + men-sa-je ``Ima-gen re-cha-za-da y
 []


Underfull \hbox (badness 10000) in paragraph at lines 561--562
\OT1/bch/m/n/12 eli-mi-na-da de los ser-vi-do-res.'' + lla-ma-da a
 []


Underfull \hbox (badness 5217) in paragraph at lines 563--563
[]|\OT1/bch/b/n/12 RESULTADO OB-
 []



[49]
Overfull \hbox (4.52727pt too wide) in paragraph at lines 579--579
[]|\OT1/bch/b/n/12 PRECONDICIONES| 
 []


Underfull \hbox (badness 10000) in paragraph at lines 581--581
[]|\OT1/bch/b/n/12 DATOS DE EN-
 []


Underfull \hbox (badness 2050) in paragraph at lines 581--582
[]|\OT1/bch/m/n/12 1. Au-ten-ti-car-se co-mo su-per-vi-sor. 2. En-viar PUT a
 []


Underfull \hbox (badness 10000) in paragraph at lines 583--583
[]|\OT1/bch/b/n/12 RESULTADO ES-
 []


Underfull \hbox (badness 5217) in paragraph at lines 585--585
[]|\OT1/bch/b/n/12 RESULTADO OB-
 []


Overfull \hbox (4.52727pt too wide) in paragraph at lines 601--601
[]|\OT1/bch/b/n/12 PRECONDICIONES| 
 []


Underfull \hbox (badness 10000) in paragraph at lines 603--603
[]|\OT1/bch/b/n/12 DATOS DE EN-
 []


Underfull \hbox (badness 2050) in paragraph at lines 603--604
[]|\OT1/bch/m/n/12 1. Au-ten-ti-car-se co-mo su-per-vi-sor. 2. En-viar PUT a
 []


Underfull \hbox (badness 10000) in paragraph at lines 605--605
[]|\OT1/bch/b/n/12 RESULTADO ES-
 []


Underfull \hbox (badness 5217) in paragraph at lines 607--607
[]|\OT1/bch/b/n/12 RESULTADO OB-
 []



[50]
Overfull \hbox (4.52727pt too wide) in paragraph at lines 623--623
[]|\OT1/bch/b/n/12 PRECONDICIONES| 
 []


Underfull \hbox (badness 10000) in paragraph at lines 625--625
[]|\OT1/bch/b/n/12 DATOS DE EN-
 []


Underfull \hbox (badness 10000) in paragraph at lines 627--627
[]|\OT1/bch/b/n/12 RESULTADO ES-
 []


Underfull \hbox (badness 5217) in paragraph at lines 629--629
[]|\OT1/bch/b/n/12 RESULTADO OB-
 []


Overfull \hbox (4.52727pt too wide) in paragraph at lines 645--645
[]|\OT1/bch/b/n/12 PRECONDICIONES| 
 []


Underfull \hbox (badness 10000) in paragraph at lines 647--647
[]|\OT1/bch/b/n/12 DATOS DE EN-
 []


Underfull \hbox (badness 1975) in paragraph at lines 647--648
[]|\OT1/bch/m/n/12 1. Au-ten-ti-car-se co-mo su-per-vi-sor. 2. En-viar GET a
 []


Underfull \hbox (badness 10000) in paragraph at lines 647--648
\OT1/cmtt/m/n/12 /api/admin/quarantine/view/../../../etc/passwd\OT1/bch/m/n/12 .
 []


Underfull \hbox (badness 10000) in paragraph at lines 649--649
[]|\OT1/bch/b/n/12 RESULTADO ES-
 []


Underfull \hbox (badness 5217) in paragraph at lines 651--651
[]|\OT1/bch/b/n/12 RESULTADO OB-
 []


Overfull \hbox (4.52727pt too wide) in paragraph at lines 667--667
[]|\OT1/bch/b/n/12 PRECONDICIONES| 
 []


Underfull \hbox (badness 10000) in paragraph at lines 669--669
[]|\OT1/bch/b/n/12 DATOS DE EN-
 []


Underfull \hbox (badness 10000) in paragraph at lines 671--671
[]|\OT1/bch/b/n/12 RESULTADO ES-
 []


Underfull \hbox (badness 5217) in paragraph at lines 673--673
[]|\OT1/bch/b/n/12 RESULTADO OB-
 []



[51]
Overfull \hbox (4.52727pt too wide) in paragraph at lines 689--689
[]|\OT1/bch/b/n/12 PRECONDICIONES| 
 []


Underfull \hbox (badness 10000) in paragraph at lines 691--691
[]|\OT1/bch/b/n/12 DATOS DE EN-
 []


Underfull \hbox (badness 10000) in paragraph at lines 691--692
[]|\OT1/bch/m/n/12 1. In-ser-tar 2 CLEAN + 1 QUA-RAN-TI-
 []


Underfull \hbox (badness 10000) in paragraph at lines 691--692
\OT1/bch/m/n/12 NE en el mis-mo []album. 2. Con-sul-tar
 []


Underfull \hbox (badness 10000) in paragraph at lines 691--692
\OT1/cmtt/m/n/12 findByAlbumIdAndEstado(albumId, CLEAN)\OT1/bch/m/n/12 . 3. Ve-
 []


Underfull \hbox (badness 10000) in paragraph at lines 693--693
[]|\OT1/bch/b/n/12 RESULTADO ES-
 []


Underfull \hbox (badness 5217) in paragraph at lines 695--695
[]|\OT1/bch/b/n/12 RESULTADO OB-
 []


Overfull \hbox (4.52727pt too wide) in paragraph at lines 711--711
[]|\OT1/bch/b/n/12 PRECONDICIONES| 
 []


Underfull \hbox (badness 10000) in paragraph at lines 713--713
[]|\OT1/bch/b/n/12 DATOS DE EN-
 []


Underfull \hbox (badness 10000) in paragraph at lines 715--715
[]|\OT1/bch/b/n/12 RESULTADO ES-
 []


Underfull \hbox (badness 5217) in paragraph at lines 717--717
[]|\OT1/bch/b/n/12 RESULTADO OB-
 []



[52]
Overfull \hbox (4.52727pt too wide) in paragraph at lines 733--733
[]|\OT1/bch/b/n/12 PRECONDICIONES| 
 []


Underfull \hbox (badness 10000) in paragraph at lines 735--735
[]|\OT1/bch/b/n/12 DATOS DE EN-
 []


Underfull \hbox (badness 10000) in paragraph at lines 735--736
\OT1/cmtt/m/n/12 existsByAlbumIdAndHash(albumId, "hash[]abc123")\OT1/bch/m/n/12 .
 []


Underfull \hbox (badness 10000) in paragraph at lines 737--737
[]|\OT1/bch/b/n/12 RESULTADO ES-
 []


Underfull \hbox (badness 5217) in paragraph at lines 739--739
[]|\OT1/bch/b/n/12 RESULTADO OB-
 []


Overfull \hbox (4.52727pt too wide) in paragraph at lines 755--755
[]|\OT1/bch/b/n/12 PRECONDICIONES| 
 []


Underfull \hbox (badness 10000) in paragraph at lines 757--757
[]|\OT1/bch/b/n/12 DATOS DE EN-
 []


Underfull \hbox (badness 1675) in paragraph at lines 757--758
[]|\OT1/bch/m/n/12 1. In-ser-tar 2 im[]age-nes en el []album. 2. Con-sul-tar
 []


Underfull \hbox (badness 10000) in paragraph at lines 759--759
[]|\OT1/bch/b/n/12 RESULTADO ES-
 []


Underfull \hbox (badness 5217) in paragraph at lines 761--761
[]|\OT1/bch/b/n/12 RESULTADO OB-
 []


Overfull \hbox (4.52727pt too wide) in paragraph at lines 777--777
[]|\OT1/bch/b/n/12 PRECONDICIONES| 
 []


Underfull \hbox (badness 10000) in paragraph at lines 779--779
[]|\OT1/bch/b/n/12 DATOS DE EN-
 []


Underfull \hbox (badness 10000) in paragraph at lines 781--781
[]|\OT1/bch/b/n/12 RESULTADO ES-
 []


Underfull \hbox (badness 5217) in paragraph at lines 783--783
[]|\OT1/bch/b/n/12 RESULTADO OB-
 []



[53]
Overfull \hbox (4.52727pt too wide) in paragraph at lines 801--801
[]|\OT1/bch/b/n/12 PRECONDICIONES| 
 []


Underfull \hbox (badness 10000) in paragraph at lines 803--803
[]|\OT1/bch/b/n/12 DATOS DE EN-
 []


Underfull \hbox (badness 10000) in paragraph at lines 803--804
[]|\OT1/bch/m/n/12 1. En-viar GET \OT1/cmtt/m/n/12 /api/admin/pendientes\OT1/bch/m/n/12 . 2. En-
 []


Underfull \hbox (badness 4229) in paragraph at lines 803--804
\OT1/bch/m/n/12 viar GET \OT1/cmtt/m/n/12 /api/admin/quarantine\OT1/bch/m/n/12 . 3. En-viar GET
 []


Underfull \hbox (badness 10000) in paragraph at lines 805--805
[]|\OT1/bch/b/n/12 RESULTADO ES-
 []


Underfull \hbox (badness 5217) in paragraph at lines 807--807
[]|\OT1/bch/b/n/12 RESULTADO OB-
 []


Overfull \hbox (4.52727pt too wide) in paragraph at lines 823--823
[]|\OT1/bch/b/n/12 PRECONDICIONES| 
 []


Underfull \hbox (badness 10000) in paragraph at lines 825--825
[]|\OT1/bch/b/n/12 DATOS DE EN-
 []


Underfull \hbox (badness 10000) in paragraph at lines 827--827
[]|\OT1/bch/b/n/12 RESULTADO ES-
 []


Underfull \hbox (badness 5217) in paragraph at lines 829--829
[]|\OT1/bch/b/n/12 RESULTADO OB-
 []



[54]
Overfull \hbox (4.52727pt too wide) in paragraph at lines 845--845
[]|\OT1/bch/b/n/12 PRECONDICIONES| 
 []


Underfull \hbox (badness 10000) in paragraph at lines 847--847
[]|\OT1/bch/b/n/12 DATOS DE EN-
 []


Underfull \hbox (badness 10000) in paragraph at lines 849--849
[]|\OT1/bch/b/n/12 RESULTADO ES-
 []


Underfull \hbox (badness 5217) in paragraph at lines 851--851
[]|\OT1/bch/b/n/12 RESULTADO OB-
 []


Underfull \hbox (badness 4518) in paragraph at lines 851--852
[]|\OT1/bch/m/n/12 200 OK. \OT1/cmtt/m/n/12 aprobado=true \OT1/bch/m/n/12 ve-ri-fi-ca-do. Au-ditLog con
 []


Underfull \hbox (badness 10000) in paragraph at lines 851--852
\OT1/cmtt/m/n/12 accion=APROBAR[]ALBUM\OT1/bch/m/n/12 , \OT1/cmtt/m/n/12 usuarioId=supervisor\OT1/bch/m/n/12 ,
 []


Overfull \hbox (4.52727pt too wide) in paragraph at lines 867--867
[]|\OT1/bch/b/n/12 PRECONDICIONES| 
 []


Underfull \hbox (badness 10000) in paragraph at lines 869--869
[]|\OT1/bch/b/n/12 DATOS DE EN-
 []


Underfull \hbox (badness 10000) in paragraph at lines 871--871
[]|\OT1/bch/b/n/12 RESULTADO ES-
 []


Underfull \hbox (badness 5217) in paragraph at lines 873--873
[]|\OT1/bch/b/n/12 RESULTADO OB-
 []



[55]
Overfull \hbox (4.52727pt too wide) in paragraph at lines 889--889
[]|\OT1/bch/b/n/12 PRECONDICIONES| 
 []


Underfull \hbox (badness 10000) in paragraph at lines 891--891
[]|\OT1/bch/b/n/12 DATOS DE EN-
 []


Underfull \hbox (badness 10000) in paragraph at lines 893--893
[]|\OT1/bch/b/n/12 RESULTADO ES-
 []


Underfull \hbox (badness 5217) in paragraph at lines 895--895
[]|\OT1/bch/b/n/12 RESULTADO OB-
 []


Underfull \hbox (badness 4569) in paragraph at lines 895--896
[]|\OT1/bch/m/n/12 200 OK con el men-sa-je de []exi-to. Lla-ma-da ve-
 []


Underfull \hbox (badness 4940) in paragraph at lines 895--896
\OT1/bch/m/n/12 ri-fi-ca-da al ser-vi-cio de apro-ba-ci[]on. Au-ditLog con
 []


Overfull \hbox (4.52727pt too wide) in paragraph at lines 911--911
[]|\OT1/bch/b/n/12 PRECONDICIONES| 
 []


Underfull \hbox (badness 10000) in paragraph at lines 913--913
[]|\OT1/bch/b/n/12 DATOS DE EN-
 []


Underfull \hbox (badness 10000) in paragraph at lines 915--915
[]|\OT1/bch/b/n/12 RESULTADO ES-
 []


Underfull \hbox (badness 5217) in paragraph at lines 917--917
[]|\OT1/bch/b/n/12 RESULTADO OB-
 []


Underfull \hbox (badness 4569) in paragraph at lines 917--918
[]|\OT1/bch/m/n/12 200 OK con el men-sa-je de []exi-to. Lla-ma-da ve-
 []


Underfull \hbox (badness 10000) in paragraph at lines 917--918
\OT1/bch/m/n/12 ri-fi-ca-da al ser-vi-cio de re-cha-zo. Au-ditLog con
 []


Underfull \hbox (badness 10000) in paragraph at lines 917--918
\OT1/cmtt/m/n/12 accion=RECHAZAR[]IMAGEN\OT1/bch/m/n/12 , \OT1/cmtt/m/n/12 recursoTipo=IMAGE \OT1/bch/m/n/12 y
 []



[56]
Overfull \hbox (4.52727pt too wide) in paragraph at lines 933--933
[]|\OT1/bch/b/n/12 PRECONDICIONES| 
 []


Underfull \hbox (badness 10000) in paragraph at lines 935--935
[]|\OT1/bch/b/n/12 DATOS DE EN-
 []

LaTeX Font Info:    Trying to load font information for OML+cmtt on input line 935.
LaTeX Font Info:    No file OMLcmtt.fd. on input line 935.

LaTeX Font Warning: Font shape `OML/cmtt/m/n' undefined
(Font)              using `OML/cmm/m/it' instead
(Font)              for symbol `textless' on input line 935.


Underfull \hbox (badness 10000) in paragraph at lines 935--936
[]|\OT1/bch/m/n/12 1. En-viar POST \OT1/cmtt/m/n/12 /api/albums/solicitar \OT1/bch/m/n/12 con
 []


Overfull \hbox (24.70285pt too wide) in paragraph at lines 935--936
\OT1/cmtt/m/n/12 descripcion = "\OML/cmtt/m/n/12 <\OT1/cmtt/m/n/12 script\OML/cmtt/m/n/12 >\OT1/cmtt/m/n/12 alert('XSS')\OML/cmtt/m/n/12 <\OT1/cmtt/m/n/12 /script\OML/cmtt/m/n/12 >\OT1/cmtt/m/n/12 Hola"\OT1/bch/m/n/12 .| 
 []


Underfull \hbox (badness 10000) in paragraph at lines 937--937
[]|\OT1/bch/b/n/12 RESULTADO ES-
 []


Underfull \hbox (badness 3088) in paragraph at lines 937--938
[]|\OT1/bch/m/n/12 El []album se guar-da con la des-crip-ci[]on es-ca-pa-da
 []


Underfull \hbox (badness 5217) in paragraph at lines 939--939
[]|\OT1/bch/b/n/12 RESULTADO OB-
 []


Overfull \hbox (4.52727pt too wide) in paragraph at lines 955--955
[]|\OT1/bch/b/n/12 PRECONDICIONES| 
 []


Underfull \hbox (badness 10000) in paragraph at lines 957--957
[]|\OT1/bch/b/n/12 DATOS DE EN-
 []


Underfull \hbox (badness 10000) in paragraph at lines 959--959
[]|\OT1/bch/b/n/12 RESULTADO ES-
 []


Underfull \hbox (badness 5217) in paragraph at lines 961--961
[]|\OT1/bch/b/n/12 RESULTADO OB-
 []



[57]
Overfull \hbox (4.52727pt too wide) in paragraph at lines 977--977
[]|\OT1/bch/b/n/12 PRECONDICIONES| 
 []


Underfull \hbox (badness 10000) in paragraph at lines 977--978
[]|\OT1/bch/m/n/12 Usuario au-ten-ti-ca-do; end-point POST
 []


Underfull \hbox (badness 10000) in paragraph at lines 979--979
[]|\OT1/bch/b/n/12 DATOS DE EN-
 []


Underfull \hbox (badness 10000) in paragraph at lines 981--981
[]|\OT1/bch/b/n/12 RESULTADO ES-
 []


Underfull \hbox (badness 5217) in paragraph at lines 983--983
[]|\OT1/bch/b/n/12 RESULTADO OB-
 []


Underfull \hbox (badness 1194) in paragraph at lines 1000--1000
[]|\OT1/bch/m/n/12 RF-01 Re-gis-tro y Au-ten-ti-ca-
 []



[58]
Overfull \hbox (3.21198pt too wide) in paragraph at lines 1025--1025
[]|\OT1/bch/b/n/12 SEVERIDAD| 
 []

)

[59]

[60]

[61] (sections/section07.tex

[62])

[63]

[64] (sections/section08.tex
Underfull \hbox (badness 1975) in paragraph at lines 11--11
[]|\OT1/bch/m/n/12 An[]ali-sis est[]ati-co del
 []


Underfull \hbox (badness 10000) in paragraph at lines 13--13
[]|\OT1/bch/m/n/12 An[]ali-sis est[]ati-co y
 []


Underfull \hbox (badness 5231) in paragraph at lines 19--19
[]|\OT1/bch/m/n/12 Medir fun-cio-na-li-dad
 []


Underfull \hbox (badness 4205) in paragraph at lines 19--20
[]|\OT1/bch/m/n/12 Permitir[]a cuan-ti-fi-car y ve-ri-fi-
 []


Underfull \hbox (badness 5077) in paragraph at lines 21--21
[]|\OT1/bch/m/n/12 Medir la car-ga de
 []


Underfull \hbox (badness 10000) in paragraph at lines 27--27
[]|\OT1/bch/m/n/12 Medir ca-li-dad del
 []

)

[65]
Overfull \vbox (73.24672pt too high) has occurred while \output is active []



[66]

[67] (sections/section09.tex)

[68]

[69] (sections/section10.tex)

[70]

[71] (sections/section11.tex)

[72]

[73] (sections/section12.tex
Underfull \hbox (badness 5274) in paragraph at lines 14--15
[]|\OT1/bch/m/n/12 SEPO, Pro-ce-so y
 []


Underfull \hbox (badness 1147) in paragraph at lines 16--16
[]|\OT1/bch/m/n/12 Revisiones de Do-cu-
 []


Underfull \hbox (badness 1558) in paragraph at lines 16--16
[]|\OT1/bch/m/n/12 Est[]anda-res y pau-tas
 []


Underfull \hbox (badness 5274) in paragraph at lines 16--17
[]|\OT1/bch/m/n/12 SEPO, Pro-ce-so y
 []


Underfull \hbox (badness 10000) in paragraph at lines 18--19
[]|\OT1/bch/m/n/12 MIL-STD-498,
 []


Underfull \hbox (badness 10000) in paragraph at lines 20--20
[]|\OT1/bch/m/n/12 Metodolog[]^^Pas de
 []


Underfull \hbox (badness 10000) in paragraph at lines 22--23
[]|\OT1/bch/m/n/12 SEPO, Cur-so de
 []


Underfull \hbox (badness 10000) in paragraph at lines 22--23
\OT1/bch/m/n/12 tos de Soft-wa-re
 []


Underfull \hbox (badness 10000) in paragraph at lines 26--27
[]|\OT1/bch/m/n/12 SEPO, Ca-pa-ci-ta-
 []


Underfull \hbox (badness 1377) in paragraph at lines 28--28
\OT1/bch/m/n/12 cio-na-da por el pro-
 []


Underfull \hbox (badness 5105) in paragraph at lines 30--30
[]|\OT1/bch/m/n/12 Control de C[]odi-go,
 []


Underfull \hbox (badness 10000) in paragraph at lines 30--31
[]|\OT1/bch/m/n/12 SEPO, Ca-pa-ci-ta-
 []


Underfull \hbox (badness 10000) in paragraph at lines 34--35
[]|\OT1/bch/m/n/12 SEPO, Ca-pa-ci-
 []


Underfull \hbox (badness 10000) in paragraph at lines 34--35
\OT1/bch/m/n/12 ta-ci[]on Soft-wa-re
 []


Underfull \hbox (badness 10000) in paragraph at lines 34--35
\OT1/bch/m/n/12 Ma-na-ge-ment for
 []


Underfull \hbox (badness 10000) in paragraph at lines 34--35
\OT1/bch/m/n/12 Ever-yo-ne (SME),
 []

)

[74]

[75]

[76] (sections/section13.tex
Underfull \hbox (badness 1584) in paragraph at lines 9--10
\OT1/bch/m/n/12 ci[]on de to-kens me-
 []


Underfull \hbox (badness 10000) in paragraph at lines 11--12
[]|\OT1/bch/m/n/12 Aplicar sa-ni-ti-za-ci[]on
 []


Underfull \hbox (badness 10000) in paragraph at lines 11--12
\OT1/bch/m/n/12 con OWASP Ja-va
 []


Underfull \hbox (badness 10000) in paragraph at lines 11--12
\OT1/bch/m/n/12 HTML Sa-ni-ti-zer y
 []


Underfull \hbox (badness 3907) in paragraph at lines 11--12
\OT1/bch/m/n/12 rea-li-zar prue-bas de
 []


Underfull \hbox (badness 10000) in paragraph at lines 15--16
[]|\OT1/bch/m/n/12 Registrar to-das las
 []


Underfull \hbox (badness 10000) in paragraph at lines 15--16
\OT1/bch/m/n/12 ope-ra-cio-nes cr[]^^Pti-cas
 []


Underfull \hbox (badness 4608) in paragraph at lines 15--16
\OT1/bch/m/n/12 da-tos pe-ri[]odi-ca-men-
 []


Underfull \hbox (badness 10000) in paragraph at lines 17--18
[]|\OT1/bch/m/n/12 Utilizar nom-bres
 []


Underfull \hbox (badness 10000) in paragraph at lines 17--18
\OT1/bch/m/n/12 UUID, di-rec-to-rios
 []


Underfull \hbox (badness 2435) in paragraph at lines 17--18
\OT1/bch/m/n/12 va-li-dar per-mi-sos de
 []


Underfull \hbox (badness 10000) in paragraph at lines 19--20
[]|\OT1/bch/m/n/12 Verificar ta-ma[]no
 []


Overfull \hbox (102.96812pt too wide) in alignment at lines 5--21
 [] [] [] [] [] [] 
 []


Underfull \hbox (badness 1158) in paragraph at lines 30--31
[]|\OT1/bch/m/n/12 Elaborar una ma-triz
 []


Underfull \hbox (badness 2635) in paragraph at lines 32--33
[]|\OT1/bch/m/n/12 Utilizar GitHub con
 []


Underfull \hbox (badness 1072) in paragraph at lines 32--33
\OT1/bch/m/n/12 con-trol de ver-sio-nes
 []


Underfull \hbox (badness 1596) in paragraph at lines 32--33
\OT1/bch/m/n/12 pa-ra ges-tio-nar cam-
 []


Underfull \hbox (badness 3108) in paragraph at lines 34--34
[]|\OT1/bch/m/n/12 Indisponibilidad de Post-
 []


Underfull \hbox (badness 2020) in paragraph at lines 38--39
\OT1/bch/m/n/12 den-cias con evi-den-
 []


Overfull \hbox (102.96812pt too wide) in alignment at lines 24--40
 [] [] [] [] [] [] 
 []



[77]

[78])

[79]

[80] (appendices/appendix_a.tex
Underfull \hbox (badness 10000) in paragraph at lines 3--54

 []

)

[81]

[82] (appendices/appendix_b.tex

[83]

[84]

[85]

[86]

[87]
Overfull \vbox (665.76906pt too high) has occurred while \output is active []



[88]
Overfull \vbox (143.7694pt too high) has occurred while \output is active []



[89]

[90]

[91]
Overfull \vbox (854.26904pt too high) has occurred while \output is active []



[92]
Overfull \vbox (100.26952pt too high) has occurred while \output is active []



[93])

[94]

[95] (appendices/dcr_form.tex

[96] (SQA_Plan.aux
LaTeX Info: Redefining \. on input line 11.
LaTeX Info: Redefining \% on input line 11.
)
 ***********
LaTeX2e <2024-11-01> patch level 2
L3 programming layer <2025-04-29>
 ***********


LaTeX Font Warning: Some font shapes were not available, defaults substituted.

Package rerunfilecheck Info: File `SQA_Plan.out' has not changed.
(rerunfilecheck)             Checksum: 3963A3A9E75B481822ECE66B53C063D4;15644.
 ) ) 
Here is how much of TeX's memory you used:
 13751 strings out of 469923
 227910 string characters out of 5469170
 665784 words of memory out of 5000000
 39981 multiletter control sequences out of 15000+600000
 643942 words of font info for 66 fonts, out of 8000000 for 9000
 1141 hyphenation exceptions out of 8191
 80i,12n,82p,1301b,779s stack positions out of 10000i,1000n,20000p,200000b,200000s
<C:/Users/gmlop/AppData/Local/Programs/MiKTeX/fonts/type1/bitstrea/charter/bchb8a.pfb><C:/Users/gmlop/AppData/Local/Programs/MiKTeX/fonts/type1/bitstrea/charter/bchr8a.pfb><C:/Users/gmlop/AppData/Local/Programs/MiKTeX/fonts/type1/bitstrea/charter/bchri8a.pfb><C:/Users/gmlop/AppData/Local/Programs/MiKTeX/fonts/type1/public/amsfonts/cm/cmex10.pfb><C:/Users/gmlop/AppData/Local/Programs/MiKTeX/fonts/type1/public/amsfonts/cm/cmmi12.pfb><C:/Users/gmlop/AppData/Local/Programs/MiKTeX/fonts/type1/public/amsfonts/cm/cmmi8.pfb><C:/Users/gmlop/AppData/Local/Programs/MiKTeX/fonts/type1/public/amsfonts/cm/cmr12.pfb><C:/Users/gmlop/AppData/Local/Programs/MiKTeX/fonts/type1/public/amsfonts/cm/cmr8.pfb><C:/Users/gmlop/AppData/Local/Programs/MiKTeX/fonts/type1/public/amsfonts/cm/cmsy10.pfb><C:/Users/gmlop/AppData/Local/Programs/MiKTeX/fonts/type1/public/amsfonts/cm/cmtt12.pfb>
Output written on SQA_Plan.pdf (98 pages, 666665 bytes).
PDF statistics:
 1064 PDF objects out of 1200 (max. 8388607)
 368 named destinations out of 1000 (max. 500000)
 488 words of extra memory for PDF output out of 10000 (max. 10000000)

